2025-08-27 20:46:34,897 - INFO - Loading pretrained weights from Hugging Face hub (timm/resnet18.a1_in1k)
2025-08-27 20:46:35,607 - INFO - [timm/resnet18.a1_in1k] Safe alternative available for 'pytorch_model.bin' (as 'model.safetensors'). Loading weights using safetensors.
2025-08-27 20:46:36,212 - INFO - Model parameters: {'total': 16145476, 'trainable': 16145476, 'non_trainable': 0}
2025-08-27 20:46:37,825 - INFO - Class distribution: {0: 84, 1: 35}
2025-08-27 20:46:37,826 - INFO - Using effective class weights: [0.5983625054359436, 1.4016374349594116]
2025-08-27 20:46:37,871 - INFO - Class distribution: {0: 84, 1: 35}
2025-08-27 20:46:37,872 - INFO - Using effective class weights: [0.5983625054359436, 1.4016374349594116]
2025-08-27 20:46:37,873 - INFO - 
==================================================
2025-08-27 20:46:37,874 - INFO - DATASET SUMMARY
2025-08-27 20:46:37,875 - INFO - ==================================================
2025-08-27 20:46:37,875 - INFO - Total samples: 119
2025-08-27 20:46:37,876 - INFO - Class distribution:
2025-08-27 20:46:37,878 - INFO -   - Benign: 84 samples
2025-08-27 20:46:37,879 - INFO -   - Malignant: 35 samples
2025-08-27 20:46:37,882 - INFO - 
--------------------------------------------------
2025-08-27 20:46:37,883 - INFO - Training samples: 95
2025-08-27 20:46:37,885 - INFO - Validation samples: 24
2025-08-27 20:46:37,885 - INFO - --------------------------------------------------

2025-08-27 20:46:37,905 - INFO - 
DATASET DETAILS:
2025-08-27 20:46:37,906 - INFO - Training samples: 95
2025-08-27 20:46:37,907 - INFO - Validation samples: 24
2025-08-27 20:46:37,907 - INFO - Number of classes: 2
2025-08-27 20:46:37,908 - INFO - Class to folder mapping: {0: 'Benign', 1: 'Malignant'}
2025-08-27 20:46:37,909 - INFO - 
Saving processed data...
2025-08-27 20:46:40,079 - INFO - Processed data saved successfully.
2025-08-27 20:46:40,084 - INFO - 
DATA LOADER CONFIGURATION:
2025-08-27 20:46:40,085 - INFO - Batch size: 4
2025-08-27 20:46:40,086 - INFO - Number of workers: 4
2025-08-27 20:46:40,087 - INFO - CUDA available: True
2025-08-27 20:46:40,088 - INFO - 
==================================================
2025-08-27 20:46:40,089 - INFO - DATASET CREATION COMPLETE
2025-08-27 20:46:40,090 - INFO - ==================================================

