2025-08-26 21:24:00,242 - INFO - Loading pretrained weights from Hugging Face hub (timm/resnet18.a1_in1k)
2025-08-26 21:24:00,815 - INFO - [timm/resnet18.a1_in1k] Safe alternative available for 'pytorch_model.bin' (as 'model.safetensors'). Loading weights using safetensors.
2025-08-26 21:24:01,463 - INFO - Model parameters: {'total': 16145476, 'trainable': 16145476, 'non_trainable': 0}
2025-08-26 21:24:03,337 - INFO - Class distribution: {1: 84, 2: 35}
2025-08-26 21:24:03,338 - INFO - Using effective class weights: [0.5983625054359436, 1.4016374349594116]
2025-08-26 21:24:03,381 - INFO - Class distribution: {1: 84, 2: 35}
2025-08-26 21:24:03,382 - INFO - Using effective class weights: [0.5983625054359436, 1.4016374349594116]
2025-08-26 21:24:03,384 - INFO - Total samples: 119
2025-08-26 21:24:03,385 - INFO - Class distribution:
{1: 84, 2: 35}
2025-08-26 21:24:03,391 - INFO - Training samples: 95
2025-08-26 21:24:03,392 - INFO - Validation samples: 24
2025-08-26 21:24:15,891 - WARNING - Missing image at data/raw/Breast-Thermography-Raw/Malignant/IIR0014/IIR0014_anterior.jpg, using zero tensor
2025-08-26 21:24:15,899 - WARNING - Missing image at data/raw/Breast-Thermography-Raw/Malignant/IIR0012/IIR0012_anterior.jpg, using zero tensor
2025-08-26 21:24:15,925 - WARNING - Missing image at data/raw/Breast-Thermography-Raw/Normal/IIR0030/IIR0030_anterior.jpg, using zero tensor
2025-08-26 21:24:15,929 - WARNING - Missing image at data/raw/Breast-Thermography-Raw/Malignant/IIR0014/IIR0014_oblleft.jpg, using zero tensor
2025-08-26 21:24:15,933 - WARNING - Missing image at data/raw/Breast-Thermography-Raw/Malignant/IIR0110/IIR0110_anterior.jpg, using zero tensor
2025-08-26 21:24:15,936 - WARNING - Missing image at data/raw/Breast-Thermography-Raw/Malignant/IIR0012/IIR0012_oblleft.jpg, using zero tensor
2025-08-26 21:24:15,936 - WARNING - Missing image at data/raw/Breast-Thermography-Raw/Malignant/IIR0014/IIR0014_oblright.jpg, using zero tensor
2025-08-26 21:24:15,950 - WARNING - Missing image at data/raw/Breast-Thermography-Raw/Normal/IIR0024/IIR0024_anterior.jpg, using zero tensor
2025-08-26 21:24:15,957 - WARNING - Missing image at data/raw/Breast-Thermography-Raw/Normal/IIR0030/IIR0030_oblleft.jpg, using zero tensor
2025-08-26 21:24:15,960 - WARNING - Missing image at data/raw/Breast-Thermography-Raw/Malignant/IIR0012/IIR0012_oblright.jpg, using zero tensor
2025-08-26 21:24:15,970 - WARNING - Missing image at data/raw/Breast-Thermography-Raw/Normal/IIR0030/IIR0030_oblright.jpg, using zero tensor
2025-08-26 21:24:15,974 - WARNING - Missing image at data/raw/Breast-Thermography-Raw/Normal/IIR0024/IIR0024_oblleft.jpg, using zero tensor
2025-08-26 21:24:15,974 - WARNING - Missing image at data/raw/Breast-Thermography-Raw/Malignant/IIR0110/IIR0110_oblleft.jpg, using zero tensor
2025-08-26 21:24:15,976 - WARNING - Missing image at data/raw/Breast-Thermography-Raw/Malignant/IIR0005/IIR0005_anterior.jpg, using zero tensor
2025-08-26 21:24:15,980 - WARNING - Missing image at data/raw/Breast-Thermography-Raw/Malignant/IIR0110/IIR0110_oblright.jpg, using zero tensor
2025-08-26 21:24:15,981 - WARNING - Missing image at data/raw/Breast-Thermography-Raw/Normal/IIR0024/IIR0024_oblright.jpg, using zero tensor
2025-08-26 21:24:15,984 - WARNING - Missing image at data/raw/Breast-Thermography-Raw/Malignant/IIR0066/IIR0066_anterior.jpg, using zero tensor
2025-08-26 21:24:15,988 - WARNING - Missing image at data/raw/Breast-Thermography-Raw/Malignant/IIR0005/IIR0005_oblleft.jpg, using zero tensor
2025-08-26 21:24:15,990 - WARNING - Missing image at data/raw/Breast-Thermography-Raw/Malignant/IIR0088/IIR0088_anterior.jpg, using zero tensor
2025-08-26 21:24:15,996 - WARNING - Missing image at data/raw/Breast-Thermography-Raw/Malignant/IIR0005/IIR0005_oblright.jpg, using zero tensor
2025-08-26 21:24:15,996 - WARNING - Missing image at data/raw/Breast-Thermography-Raw/Malignant/IIR0001/IIR0001_anterior.jpg, using zero tensor
2025-08-26 21:24:15,997 - WARNING - Missing image at data/raw/Breast-Thermography-Raw/Malignant/IIR0066/IIR0066_oblleft.jpg, using zero tensor
2025-08-26 21:24:16,002 - WARNING - Missing image at data/raw/Breast-Thermography-Raw/Malignant/IIR0088/IIR0088_oblleft.jpg, using zero tensor
2025-08-26 21:24:16,002 - WARNING - Missing image at data/raw/Breast-Thermography-Raw/Malignant/IIR0001/IIR0001_oblleft.jpg, using zero tensor
2025-08-26 21:24:16,008 - WARNING - Missing image at data/raw/Breast-Thermography-Raw/Malignant/IIR0088/IIR0088_oblright.jpg, using zero tensor
2025-08-26 21:24:16,008 - WARNING - Missing image at data/raw/Breast-Thermography-Raw/Malignant/IIR0001/IIR0001_oblright.jpg, using zero tensor
2025-08-26 21:24:16,009 - WARNING - Missing image at data/raw/Breast-Thermography-Raw/Malignant/IIR0066/IIR0066_oblright.jpg, using zero tensor
2025-08-26 21:24:16,010 - WARNING - Missing image at data/raw/Breast-Thermography-Raw/Malignant/IIR0004/IIR0004_anterior.jpg, using zero tensor
2025-08-26 21:24:16,017 - WARNING - Missing image at data/raw/Breast-Thermography-Raw/Malignant/IIR0004/IIR0004_oblleft.jpg, using zero tensor
2025-08-26 21:24:16,017 - WARNING - Missing image at data/raw/Breast-Thermography-Raw/Malignant/IIR0051/IIR0051_anterior.jpg, using zero tensor
2025-08-26 21:24:16,018 - WARNING - Missing image at data/raw/Breast-Thermography-Raw/Malignant/IIR0095/IIR0095_anterior.jpg, using zero tensor
2025-08-26 21:24:16,018 - WARNING - Missing image at data/raw/Breast-Thermography-Raw/Malignant/IIR0047/IIR0047_anterior.jpg, using zero tensor
2025-08-26 21:24:16,024 - WARNING - Missing image at data/raw/Breast-Thermography-Raw/Malignant/IIR0004/IIR0004_oblright.jpg, using zero tensor
2025-08-26 21:24:16,024 - WARNING - Missing image at data/raw/Breast-Thermography-Raw/Malignant/IIR0095/IIR0095_oblleft.jpg, using zero tensor
2025-08-26 21:24:16,026 - WARNING - Missing image at data/raw/Breast-Thermography-Raw/Malignant/IIR0047/IIR0047_oblleft.jpg, using zero tensor
2025-08-26 21:24:16,027 - WARNING - Missing image at data/raw/Breast-Thermography-Raw/Malignant/IIR0051/IIR0051_oblleft.jpg, using zero tensor
2025-08-26 21:24:16,031 - WARNING - Missing image at data/raw/Breast-Thermography-Raw/Malignant/IIR0095/IIR0095_oblright.jpg, using zero tensor
2025-08-26 21:24:16,033 - WARNING - Missing image at data/raw/Breast-Thermography-Raw/Malignant/IIR0047/IIR0047_oblright.jpg, using zero tensor
2025-08-26 21:24:16,039 - WARNING - Missing image at data/raw/Breast-Thermography-Raw/Malignant/IIR0051/IIR0051_oblright.jpg, using zero tensor
2025-08-26 21:24:16,039 - WARNING - Missing image at data/raw/Breast-Thermography-Raw/Normal/IIR0065/IIR0065_anterior.jpg, using zero tensor
2025-08-26 21:24:16,048 - WARNING - Missing image at data/raw/Breast-Thermography-Raw/Malignant/IIR0017/IIR0017_anterior.jpg, using zero tensor
2025-08-26 21:24:16,049 - WARNING - Missing image at data/raw/Breast-Thermography-Raw/Malignant/IIR0013/IIR0013_anterior.jpg, using zero tensor
2025-08-26 21:24:16,049 - WARNING - Missing image at data/raw/Breast-Thermography-Raw/Normal/IIR0059/IIR0059_anterior.jpg, using zero tensor
2025-08-26 21:24:16,054 - WARNING - Missing image at data/raw/Breast-Thermography-Raw/Malignant/IIR0017/IIR0017_oblleft.jpg, using zero tensor
2025-08-26 21:24:16,054 - WARNING - Missing image at data/raw/Breast-Thermography-Raw/Normal/IIR0065/IIR0065_oblleft.jpg, using zero tensor
2025-08-26 21:24:16,056 - WARNING - Missing image at data/raw/Breast-Thermography-Raw/Malignant/IIR0013/IIR0013_oblleft.jpg, using zero tensor
2025-08-26 21:24:16,058 - WARNING - Missing image at data/raw/Breast-Thermography-Raw/Normal/IIR0059/IIR0059_oblleft.jpg, using zero tensor
2025-08-26 21:24:16,061 - WARNING - Missing image at data/raw/Breast-Thermography-Raw/Malignant/IIR0017/IIR0017_oblright.jpg, using zero tensor
2025-08-26 21:24:16,061 - WARNING - Missing image at data/raw/Breast-Thermography-Raw/Normal/IIR0065/IIR0065_oblright.jpg, using zero tensor
2025-08-26 21:24:16,063 - WARNING - Missing image at data/raw/Breast-Thermography-Raw/Malignant/IIR0013/IIR0013_oblright.jpg, using zero tensor
2025-08-26 21:24:16,067 - WARNING - Missing image at data/raw/Breast-Thermography-Raw/Normal/IIR0059/IIR0059_oblright.jpg, using zero tensor
2025-08-26 21:24:16,072 - WARNING - Missing image at data/raw/Breast-Thermography-Raw/Malignant/IIR0115/IIR0115_anterior.jpg, using zero tensor
2025-08-26 21:24:16,073 - WARNING - Missing image at data/raw/Breast-Thermography-Raw/Malignant/IIR0076/IIR0076_anterior.jpg, using zero tensor
2025-08-26 21:24:16,077 - WARNING - Missing image at data/raw/Breast-Thermography-Raw/Malignant/IIR0025/IIR0025_anterior.jpg, using zero tensor
2025-08-26 21:24:16,082 - WARNING - Missing image at data/raw/Breast-Thermography-Raw/Malignant/IIR0076/IIR0076_oblleft.jpg, using zero tensor
2025-08-26 21:24:16,082 - WARNING - Missing image at data/raw/Breast-Thermography-Raw/Malignant/IIR0057/IIR0057_anterior.jpg, using zero tensor
2025-08-26 21:24:16,083 - WARNING - Missing image at data/raw/Breast-Thermography-Raw/Malignant/IIR0115/IIR0115_oblleft.jpg, using zero tensor
2025-08-26 21:24:16,088 - WARNING - Missing image at data/raw/Breast-Thermography-Raw/Malignant/IIR0025/IIR0025_oblleft.jpg, using zero tensor
2025-08-26 21:24:16,090 - WARNING - Missing image at data/raw/Breast-Thermography-Raw/Malignant/IIR0076/IIR0076_oblright.jpg, using zero tensor
2025-08-26 21:24:16,090 - WARNING - Missing image at data/raw/Breast-Thermography-Raw/Malignant/IIR0057/IIR0057_oblleft.jpg, using zero tensor
2025-08-26 21:24:16,090 - WARNING - Missing image at data/raw/Breast-Thermography-Raw/Malignant/IIR0115/IIR0115_oblright.jpg, using zero tensor
2025-08-26 21:24:16,094 - WARNING - Missing image at data/raw/Breast-Thermography-Raw/Malignant/IIR0025/IIR0025_oblright.jpg, using zero tensor
2025-08-26 21:24:16,101 - WARNING - Missing image at data/raw/Breast-Thermography-Raw/Malignant/IIR0057/IIR0057_oblright.jpg, using zero tensor
2025-08-26 21:24:16,101 - WARNING - Missing image at data/raw/Breast-Thermography-Raw/Normal/IIR0100/IIR0100_anterior.jpg, using zero tensor
2025-08-26 21:24:16,102 - WARNING - Missing image at data/raw/Breast-Thermography-Raw/Malignant/IIR0105/IIR0105_anterior.jpg, using zero tensor
2025-08-26 21:24:16,105 - WARNING - Missing image at data/raw/Breast-Thermography-Raw/Normal/IIR0070/IIR0070_anterior.jpg, using zero tensor
2025-08-26 21:24:16,108 - WARNING - Missing image at data/raw/Breast-Thermography-Raw/Normal/IIR0100/IIR0100_oblleft.jpg, using zero tensor
2025-08-26 21:24:16,108 - WARNING - Missing image at data/raw/Breast-Thermography-Raw/Malignant/IIR0105/IIR0105_oblleft.jpg, using zero tensor
2025-08-26 21:24:16,112 - WARNING - Missing image at data/raw/Breast-Thermography-Raw/Normal/IIR0070/IIR0070_oblleft.jpg, using zero tensor
2025-08-26 21:24:16,116 - WARNING - Missing image at data/raw/Breast-Thermography-Raw/Malignant/IIR0040/IIR0040_anterior.jpg, using zero tensor
2025-08-26 21:24:16,116 - WARNING - Missing image at data/raw/Breast-Thermography-Raw/Malignant/IIR0105/IIR0105_oblright.jpg, using zero tensor
2025-08-26 21:24:16,116 - WARNING - Missing image at data/raw/Breast-Thermography-Raw/Normal/IIR0100/IIR0100_oblright.jpg, using zero tensor
2025-08-26 21:24:16,121 - WARNING - Missing image at data/raw/Breast-Thermography-Raw/Normal/IIR0070/IIR0070_oblright.jpg, using zero tensor
2025-08-26 21:24:16,126 - WARNING - Missing image at data/raw/Breast-Thermography-Raw/Malignant/IIR0040/IIR0040_oblleft.jpg, using zero tensor
2025-08-26 21:24:16,131 - WARNING - Missing image at data/raw/Breast-Thermography-Raw/Normal/IIR0062/IIR0062_anterior.jpg, using zero tensor
2025-08-26 21:24:16,131 - WARNING - Missing image at data/raw/Breast-Thermography-Raw/Malignant/IIR0077/IIR0077_anterior.jpg, using zero tensor
2025-08-26 21:24:16,133 - WARNING - Missing image at data/raw/Breast-Thermography-Raw/Malignant/IIR0040/IIR0040_oblright.jpg, using zero tensor
2025-08-26 21:24:16,135 - WARNING - Missing image at data/raw/Breast-Thermography-Raw/Malignant/IIR0118/IIR0118_anterior.jpg, using zero tensor
2025-08-26 21:24:16,139 - WARNING - Missing image at data/raw/Breast-Thermography-Raw/Malignant/IIR0077/IIR0077_oblleft.jpg, using zero tensor
2025-08-26 21:24:16,140 - WARNING - Missing image at data/raw/Breast-Thermography-Raw/Normal/IIR0062/IIR0062_oblleft.jpg, using zero tensor
2025-08-26 21:24:16,143 - WARNING - Missing image at data/raw/Breast-Thermography-Raw/Malignant/IIR0118/IIR0118_oblleft.jpg, using zero tensor
2025-08-26 21:24:16,145 - WARNING - Missing image at data/raw/Breast-Thermography-Raw/Malignant/IIR0078/IIR0078_anterior.jpg, using zero tensor
2025-08-26 21:24:16,147 - WARNING - Missing image at data/raw/Breast-Thermography-Raw/Malignant/IIR0077/IIR0077_oblright.jpg, using zero tensor
2025-08-26 21:24:16,147 - WARNING - Missing image at data/raw/Breast-Thermography-Raw/Normal/IIR0062/IIR0062_oblright.jpg, using zero tensor
2025-08-26 21:24:16,152 - WARNING - Missing image at data/raw/Breast-Thermography-Raw/Malignant/IIR0078/IIR0078_oblleft.jpg, using zero tensor
2025-08-26 21:24:16,152 - WARNING - Missing image at data/raw/Breast-Thermography-Raw/Malignant/IIR0118/IIR0118_oblright.jpg, using zero tensor
2025-08-26 21:24:16,159 - WARNING - Missing image at data/raw/Breast-Thermography-Raw/Malignant/IIR0078/IIR0078_oblright.jpg, using zero tensor
2025-08-26 21:24:16,159 - WARNING - Missing image at data/raw/Breast-Thermography-Raw/Malignant/IIR0041/IIR0041_anterior.jpg, using zero tensor
2025-08-26 21:24:16,164 - WARNING - Missing image at data/raw/Breast-Thermography-Raw/Normal/IIR0093/IIR0093_anterior.jpg, using zero tensor
2025-08-26 21:24:16,167 - WARNING - Missing image at data/raw/Breast-Thermography-Raw/Malignant/IIR0041/IIR0041_oblleft.jpg, using zero tensor
2025-08-26 21:24:16,170 - WARNING - Missing image at data/raw/Breast-Thermography-Raw/Normal/IIR0056/IIR0056_anterior.jpg, using zero tensor
2025-08-26 21:24:16,171 - WARNING - Missing image at data/raw/Breast-Thermography-Raw/Normal/IIR0093/IIR0093_oblleft.jpg, using zero tensor
2025-08-26 21:24:16,174 - WARNING - Missing image at data/raw/Breast-Thermography-Raw/Malignant/IIR0041/IIR0041_oblright.jpg, using zero tensor
2025-08-26 21:24:16,177 - WARNING - Missing image at data/raw/Breast-Thermography-Raw/Normal/IIR0056/IIR0056_oblleft.jpg, using zero tensor
2025-08-26 21:24:16,177 - WARNING - Missing image at data/raw/Breast-Thermography-Raw/Normal/IIR0093/IIR0093_oblright.jpg, using zero tensor
2025-08-26 21:24:16,185 - WARNING - Missing image at data/raw/Breast-Thermography-Raw/Normal/IIR0056/IIR0056_oblright.jpg, using zero tensor
2025-08-26 21:24:16,205 - WARNING - Missing image at data/raw/Breast-Thermography-Raw/Malignant/IIR0049/IIR0049_anterior.jpg, using zero tensor
2025-08-26 21:24:16,219 - WARNING - Missing image at data/raw/Breast-Thermography-Raw/Malignant/IIR0049/IIR0049_oblleft.jpg, using zero tensor
2025-08-26 21:24:16,223 - WARNING - Missing image at data/raw/Breast-Thermography-Raw/Normal/IIR0038/IIR0038_anterior.jpg, using zero tensor
2025-08-26 21:24:16,227 - WARNING - Missing image at data/raw/Breast-Thermography-Raw/Normal/IIR0072/IIR0072_anterior.jpg, using zero tensor
2025-08-26 21:24:16,231 - WARNING - Missing image at data/raw/Breast-Thermography-Raw/Malignant/IIR0049/IIR0049_oblright.jpg, using zero tensor
2025-08-26 21:24:16,235 - WARNING - Missing image at data/raw/Breast-Thermography-Raw/Malignant/IIR0044/IIR0044_anterior.jpg, using zero tensor
2025-08-26 21:24:16,236 - WARNING - Missing image at data/raw/Breast-Thermography-Raw/Normal/IIR0038/IIR0038_oblleft.jpg, using zero tensor
2025-08-26 21:24:16,238 - WARNING - Missing image at data/raw/Breast-Thermography-Raw/Malignant/IIR0091/IIR0091_anterior.jpg, using zero tensor
2025-08-26 21:24:16,240 - WARNING - Missing image at data/raw/Breast-Thermography-Raw/Normal/IIR0072/IIR0072_oblleft.jpg, using zero tensor
2025-08-26 21:24:16,247 - WARNING - Missing image at data/raw/Breast-Thermography-Raw/Malignant/IIR0091/IIR0091_oblleft.jpg, using zero tensor
2025-08-26 21:24:16,247 - WARNING - Missing image at data/raw/Breast-Thermography-Raw/Malignant/IIR0044/IIR0044_oblleft.jpg, using zero tensor
2025-08-26 21:24:16,250 - WARNING - Missing image at data/raw/Breast-Thermography-Raw/Normal/IIR0038/IIR0038_oblright.jpg, using zero tensor
2025-08-26 21:24:16,255 - WARNING - Missing image at data/raw/Breast-Thermography-Raw/Normal/IIR0072/IIR0072_oblright.jpg, using zero tensor
2025-08-26 21:24:16,259 - WARNING - Missing image at data/raw/Breast-Thermography-Raw/Malignant/IIR0044/IIR0044_oblright.jpg, using zero tensor
2025-08-26 21:24:16,260 - WARNING - Missing image at data/raw/Breast-Thermography-Raw/Malignant/IIR0091/IIR0091_oblright.jpg, using zero tensor
2025-08-26 21:24:16,268 - WARNING - Missing image at data/raw/Breast-Thermography-Raw/Normal/IIR0046/IIR0046_anterior.jpg, using zero tensor
2025-08-26 21:24:16,268 - WARNING - Missing image at data/raw/Breast-Thermography-Raw/Normal/IIR0104/IIR0104_anterior.jpg, using zero tensor
2025-08-26 21:24:16,269 - WARNING - Missing image at data/raw/Breast-Thermography-Raw/Malignant/IIR0099/IIR0099_anterior.jpg, using zero tensor
2025-08-26 21:24:16,274 - WARNING - Missing image at data/raw/Breast-Thermography-Raw/Malignant/IIR0053/IIR0053_anterior.jpg, using zero tensor
2025-08-26 21:24:16,280 - WARNING - Missing image at data/raw/Breast-Thermography-Raw/Malignant/IIR0099/IIR0099_oblleft.jpg, using zero tensor
2025-08-26 21:24:16,280 - WARNING - Missing image at data/raw/Breast-Thermography-Raw/Normal/IIR0046/IIR0046_oblleft.jpg, using zero tensor
2025-08-26 21:24:16,282 - WARNING - Missing image at data/raw/Breast-Thermography-Raw/Normal/IIR0104/IIR0104_oblleft.jpg, using zero tensor
2025-08-26 21:24:16,287 - WARNING - Missing image at data/raw/Breast-Thermography-Raw/Malignant/IIR0053/IIR0053_oblleft.jpg, using zero tensor
2025-08-26 21:24:16,293 - WARNING - Missing image at data/raw/Breast-Thermography-Raw/Malignant/IIR0099/IIR0099_oblright.jpg, using zero tensor
2025-08-26 21:24:16,296 - WARNING - Missing image at data/raw/Breast-Thermography-Raw/Normal/IIR0046/IIR0046_oblright.jpg, using zero tensor
2025-08-26 21:24:16,301 - WARNING - Missing image at data/raw/Breast-Thermography-Raw/Normal/IIR0104/IIR0104_oblright.jpg, using zero tensor
2025-08-26 21:24:16,302 - WARNING - Missing image at data/raw/Breast-Thermography-Raw/Malignant/IIR0053/IIR0053_oblright.jpg, using zero tensor
2025-08-26 21:24:16,306 - WARNING - Missing image at data/raw/Breast-Thermography-Raw/Normal/IIR0089/IIR0089_anterior.jpg, using zero tensor
2025-08-26 21:24:16,314 - WARNING - Missing image at data/raw/Breast-Thermography-Raw/Malignant/IIR0092/IIR0092_anterior.jpg, using zero tensor
2025-08-26 21:24:16,314 - WARNING - Missing image at data/raw/Breast-Thermography-Raw/Malignant/IIR0037/IIR0037_anterior.jpg, using zero tensor
2025-08-26 21:24:16,315 - WARNING - Missing image at data/raw/Breast-Thermography-Raw/Malignant/IIR0042/IIR0042_anterior.jpg, using zero tensor
2025-08-26 21:24:16,321 - WARNING - Missing image at data/raw/Breast-Thermography-Raw/Normal/IIR0089/IIR0089_oblleft.jpg, using zero tensor
2025-08-26 21:24:16,323 - WARNING - Missing image at data/raw/Breast-Thermography-Raw/Malignant/IIR0037/IIR0037_oblleft.jpg, using zero tensor
2025-08-26 21:24:16,324 - WARNING - Missing image at data/raw/Breast-Thermography-Raw/Malignant/IIR0092/IIR0092_oblleft.jpg, using zero tensor
2025-08-26 21:24:16,326 - WARNING - Missing image at data/raw/Breast-Thermography-Raw/Malignant/IIR0042/IIR0042_oblleft.jpg, using zero tensor
2025-08-26 21:24:16,332 - WARNING - Missing image at data/raw/Breast-Thermography-Raw/Malignant/IIR0037/IIR0037_oblright.jpg, using zero tensor
2025-08-26 21:24:16,333 - WARNING - Missing image at data/raw/Breast-Thermography-Raw/Normal/IIR0089/IIR0089_oblright.jpg, using zero tensor
2025-08-26 21:24:16,337 - WARNING - Missing image at data/raw/Breast-Thermography-Raw/Malignant/IIR0042/IIR0042_oblright.jpg, using zero tensor
2025-08-26 21:24:16,337 - WARNING - Missing image at data/raw/Breast-Thermography-Raw/Malignant/IIR0092/IIR0092_oblright.jpg, using zero tensor
2025-08-26 21:24:16,343 - WARNING - Missing image at data/raw/Breast-Thermography-Raw/Malignant/IIR0010/IIR0010_anterior.jpg, using zero tensor
2025-08-26 21:24:16,346 - WARNING - Missing image at data/raw/Breast-Thermography-Raw/Malignant/IIR0058/IIR0058_anterior.jpg, using zero tensor
2025-08-26 21:24:16,346 - WARNING - Missing image at data/raw/Breast-Thermography-Raw/Malignant/IIR0116/IIR0116_anterior.jpg, using zero tensor
2025-08-26 21:24:16,347 - WARNING - Missing image at data/raw/Breast-Thermography-Raw/Malignant/IIR0054/IIR0054_anterior.jpg, using zero tensor
2025-08-26 21:24:16,352 - WARNING - Missing image at data/raw/Breast-Thermography-Raw/Malignant/IIR0010/IIR0010_oblleft.jpg, using zero tensor
2025-08-26 21:24:16,354 - WARNING - Missing image at data/raw/Breast-Thermography-Raw/Malignant/IIR0116/IIR0116_oblleft.jpg, using zero tensor
2025-08-26 21:24:16,355 - WARNING - Missing image at data/raw/Breast-Thermography-Raw/Malignant/IIR0054/IIR0054_oblleft.jpg, using zero tensor
2025-08-26 21:24:16,357 - WARNING - Missing image at data/raw/Breast-Thermography-Raw/Malignant/IIR0058/IIR0058_oblleft.jpg, using zero tensor
2025-08-26 21:24:16,360 - WARNING - Missing image at data/raw/Breast-Thermography-Raw/Malignant/IIR0010/IIR0010_oblright.jpg, using zero tensor
2025-08-26 21:24:16,362 - WARNING - Missing image at data/raw/Breast-Thermography-Raw/Malignant/IIR0116/IIR0116_oblright.jpg, using zero tensor
2025-08-26 21:24:16,364 - WARNING - Missing image at data/raw/Breast-Thermography-Raw/Malignant/IIR0054/IIR0054_oblright.jpg, using zero tensor
2025-08-26 21:24:16,366 - WARNING - Missing image at data/raw/Breast-Thermography-Raw/Malignant/IIR0058/IIR0058_oblright.jpg, using zero tensor
2025-08-26 21:24:16,373 - WARNING - Missing image at data/raw/Breast-Thermography-Raw/Normal/IIR0085/IIR0085_anterior.jpg, using zero tensor
2025-08-26 21:24:16,373 - WARNING - Missing image at data/raw/Breast-Thermography-Raw/Malignant/IIR0067/IIR0067_anterior.jpg, using zero tensor
2025-08-26 21:24:16,374 - WARNING - Missing image at data/raw/Breast-Thermography-Raw/Malignant/IIR0006/IIR0006_anterior.jpg, using zero tensor
2025-08-26 21:24:16,375 - WARNING - Missing image at data/raw/Breast-Thermography-Raw/Malignant/IIR0007/IIR0007_anterior.jpg, using zero tensor
2025-08-26 21:24:16,382 - WARNING - Missing image at data/raw/Breast-Thermography-Raw/Normal/IIR0085/IIR0085_oblleft.jpg, using zero tensor
2025-08-26 21:24:16,382 - WARNING - Missing image at data/raw/Breast-Thermography-Raw/Malignant/IIR0067/IIR0067_oblleft.jpg, using zero tensor
2025-08-26 21:24:16,385 - WARNING - Missing image at data/raw/Breast-Thermography-Raw/Malignant/IIR0006/IIR0006_oblleft.jpg, using zero tensor
2025-08-26 21:24:16,385 - WARNING - Missing image at data/raw/Breast-Thermography-Raw/Malignant/IIR0007/IIR0007_oblleft.jpg, using zero tensor
2025-08-26 21:24:16,390 - WARNING - Missing image at data/raw/Breast-Thermography-Raw/Malignant/IIR0067/IIR0067_oblright.jpg, using zero tensor
2025-08-26 21:24:16,392 - WARNING - Missing image at data/raw/Breast-Thermography-Raw/Normal/IIR0085/IIR0085_oblright.jpg, using zero tensor
2025-08-26 21:24:16,392 - WARNING - Missing image at data/raw/Breast-Thermography-Raw/Malignant/IIR0007/IIR0007_oblright.jpg, using zero tensor
2025-08-26 21:24:16,393 - WARNING - Missing image at data/raw/Breast-Thermography-Raw/Malignant/IIR0006/IIR0006_oblright.jpg, using zero tensor
2025-08-26 21:24:16,398 - WARNING - Missing image at data/raw/Breast-Thermography-Raw/Malignant/IIR0117/IIR0117_anterior.jpg, using zero tensor
2025-08-26 21:24:16,400 - WARNING - Missing image at data/raw/Breast-Thermography-Raw/Normal/IIR0098/IIR0098_anterior.jpg, using zero tensor
2025-08-26 21:24:16,401 - WARNING - Missing image at data/raw/Breast-Thermography-Raw/Malignant/IIR0028/IIR0028_anterior.jpg, using zero tensor
2025-08-26 21:24:16,401 - WARNING - Missing image at data/raw/Breast-Thermography-Raw/Malignant/IIR0108/IIR0108_anterior.jpg, using zero tensor
2025-08-26 21:24:16,408 - WARNING - Missing image at data/raw/Breast-Thermography-Raw/Malignant/IIR0117/IIR0117_oblleft.jpg, using zero tensor
2025-08-26 21:24:16,410 - WARNING - Missing image at data/raw/Breast-Thermography-Raw/Normal/IIR0098/IIR0098_oblleft.jpg, using zero tensor
2025-08-26 21:24:16,410 - WARNING - Missing image at data/raw/Breast-Thermography-Raw/Malignant/IIR0028/IIR0028_oblleft.jpg, using zero tensor
2025-08-26 21:24:16,411 - WARNING - Missing image at data/raw/Breast-Thermography-Raw/Malignant/IIR0108/IIR0108_oblleft.jpg, using zero tensor
2025-08-26 21:24:16,418 - WARNING - Missing image at data/raw/Breast-Thermography-Raw/Malignant/IIR0108/IIR0108_oblright.jpg, using zero tensor
2025-08-26 21:24:16,424 - WARNING - Missing image at data/raw/Breast-Thermography-Raw/Malignant/IIR0028/IIR0028_oblright.jpg, using zero tensor
2025-08-26 21:24:16,425 - WARNING - Missing image at data/raw/Breast-Thermography-Raw/Normal/IIR0098/IIR0098_oblright.jpg, using zero tensor
2025-08-26 21:24:16,426 - WARNING - Missing image at data/raw/Breast-Thermography-Raw/Malignant/IIR0117/IIR0117_oblright.jpg, using zero tensor
2025-08-26 21:24:16,432 - WARNING - Missing image at data/raw/Breast-Thermography-Raw/Normal/IIR0096/IIR0096_anterior.jpg, using zero tensor
2025-08-26 21:24:16,439 - WARNING - Missing image at data/raw/Breast-Thermography-Raw/Normal/IIR0036/IIR0036_anterior.jpg, using zero tensor
2025-08-26 21:24:16,439 - WARNING - Missing image at data/raw/Breast-Thermography-Raw/Malignant/IIR0111/IIR0111_anterior.jpg, using zero tensor
2025-08-26 21:24:16,439 - WARNING - Missing image at data/raw/Breast-Thermography-Raw/Malignant/IIR0032/IIR0032_anterior.jpg, using zero tensor
2025-08-26 21:24:16,441 - WARNING - Missing image at data/raw/Breast-Thermography-Raw/Normal/IIR0096/IIR0096_oblleft.jpg, using zero tensor
2025-08-26 21:24:16,447 - WARNING - Missing image at data/raw/Breast-Thermography-Raw/Malignant/IIR0032/IIR0032_oblleft.jpg, using zero tensor
2025-08-26 21:24:16,448 - WARNING - Missing image at data/raw/Breast-Thermography-Raw/Malignant/IIR0111/IIR0111_oblleft.jpg, using zero tensor
2025-08-26 21:24:16,448 - WARNING - Missing image at data/raw/Breast-Thermography-Raw/Normal/IIR0036/IIR0036_oblleft.jpg, using zero tensor
2025-08-26 21:24:16,455 - WARNING - Missing image at data/raw/Breast-Thermography-Raw/Normal/IIR0096/IIR0096_oblright.jpg, using zero tensor
2025-08-26 21:24:16,456 - WARNING - Missing image at data/raw/Breast-Thermography-Raw/Malignant/IIR0111/IIR0111_oblright.jpg, using zero tensor
2025-08-26 21:24:16,456 - WARNING - Missing image at data/raw/Breast-Thermography-Raw/Malignant/IIR0032/IIR0032_oblright.jpg, using zero tensor
2025-08-26 21:24:16,457 - WARNING - Missing image at data/raw/Breast-Thermography-Raw/Normal/IIR0036/IIR0036_oblright.jpg, using zero tensor
2025-08-26 21:24:16,468 - WARNING - Missing image at data/raw/Breast-Thermography-Raw/Malignant/IIR0011/IIR0011_anterior.jpg, using zero tensor
2025-08-26 21:24:16,475 - WARNING - Missing image at data/raw/Breast-Thermography-Raw/Normal/IIR0081/IIR0081_anterior.jpg, using zero tensor
2025-08-26 21:24:16,475 - WARNING - Missing image at data/raw/Breast-Thermography-Raw/Malignant/IIR0020/IIR0020_anterior.jpg, using zero tensor
2025-08-26 21:24:16,483 - WARNING - Missing image at data/raw/Breast-Thermography-Raw/Malignant/IIR0011/IIR0011_oblleft.jpg, using zero tensor
2025-08-26 21:24:16,487 - WARNING - Missing image at data/raw/Breast-Thermography-Raw/Malignant/IIR0020/IIR0020_oblleft.jpg, using zero tensor
2025-08-26 21:24:16,491 - WARNING - Missing image at data/raw/Breast-Thermography-Raw/Normal/IIR0081/IIR0081_oblleft.jpg, using zero tensor
2025-08-26 21:24:16,492 - WARNING - Missing image at data/raw/Breast-Thermography-Raw/Malignant/IIR0011/IIR0011_oblright.jpg, using zero tensor
2025-08-26 21:24:16,497 - WARNING - Missing image at data/raw/Breast-Thermography-Raw/Malignant/IIR0020/IIR0020_oblright.jpg, using zero tensor
2025-08-26 21:24:16,500 - WARNING - Missing image at data/raw/Breast-Thermography-Raw/Normal/IIR0081/IIR0081_oblright.jpg, using zero tensor
