2025-08-26 21:07:36,895 - INFO - Loading pretrained weights from Hugging Face hub (timm/resnet18.a1_in1k)
2025-08-26 21:07:37,432 - INFO - [timm/resnet18.a1_in1k] Safe alternative available for 'pytorch_model.bin' (as 'model.safetensors'). Loading weights using safetensors.
2025-08-26 21:07:37,986 - INFO - Model parameters: {'total': 16145862, 'trainable': 16145862, 'non_trainable': 0}
2025-08-26 21:07:39,776 - INFO - Class distribution: {1: 84, 2: 35}
2025-08-26 21:07:39,777 - INFO - Using effective class weights: [0.5983625054359436, 1.4016374349594116]
2025-08-26 21:07:39,819 - INFO - Class distribution: {1: 84, 2: 35}
2025-08-26 21:07:39,820 - INFO - Using effective class weights: [0.5983625054359436, 1.4016374349594116]
2025-08-26 21:07:51,800 - WARNING - Missing image at data/raw/Breast-Thermography-Raw/Benign/IIR0095/IIR0095_anterior.jpg, using zero tensor
2025-08-26 21:07:51,810 - WARNING - Missing image at data/raw/Breast-Thermography-Raw/Malignant/IIR0119/IIR0119_anterior.jpg, using zero tensor
2025-08-26 21:07:51,816 - WARNING - Missing image at data/raw/Breast-Thermography-Raw/Malignant/IIR0081/IIR0081_anterior.jpg, using zero tensor
2025-08-26 21:07:51,839 - WARNING - Missing image at data/raw/Breast-Thermography-Raw/Malignant/IIR0050/IIR0050_anterior.jpg, using zero tensor
2025-08-26 21:07:51,857 - WARNING - Missing image at data/raw/Breast-Thermography-Raw/Malignant/IIR0119/IIR0119_oblleft.jpg, using zero tensor
2025-08-26 21:07:51,857 - WARNING - Missing image at data/raw/Breast-Thermography-Raw/Malignant/IIR0081/IIR0081_oblleft.jpg, using zero tensor
2025-08-26 21:07:51,863 - WARNING - Missing image at data/raw/Breast-Thermography-Raw/Benign/IIR0095/IIR0095_oblleft.jpg, using zero tensor
2025-08-26 21:07:51,873 - WARNING - Missing image at data/raw/Breast-Thermography-Raw/Malignant/IIR0050/IIR0050_oblleft.jpg, using zero tensor
2025-08-26 21:07:51,878 - WARNING - Missing image at data/raw/Breast-Thermography-Raw/Malignant/IIR0081/IIR0081_oblright.jpg, using zero tensor
2025-08-26 21:07:51,879 - WARNING - Missing image at data/raw/Breast-Thermography-Raw/Malignant/IIR0119/IIR0119_oblright.jpg, using zero tensor
2025-08-26 21:07:51,885 - WARNING - Missing image at data/raw/Breast-Thermography-Raw/Benign/IIR0095/IIR0095_oblright.jpg, using zero tensor
2025-08-26 21:07:51,894 - WARNING - Missing image at data/raw/Breast-Thermography-Raw/Malignant/IIR0050/IIR0050_oblright.jpg, using zero tensor
2025-08-26 21:07:51,917 - WARNING - Missing image at data/raw/Breast-Thermography-Raw/Benign/IIR0025/IIR0025_anterior.jpg, using zero tensor
2025-08-26 21:07:51,918 - WARNING - Missing image at data/raw/Breast-Thermography-Raw/Benign/IIR0064/IIR0064_anterior.jpg, using zero tensor
2025-08-26 21:07:51,931 - WARNING - Missing image at data/raw/Breast-Thermography-Raw/Benign/IIR0078/IIR0078_anterior.jpg, using zero tensor
2025-08-26 21:07:51,937 - WARNING - Missing image at data/raw/Breast-Thermography-Raw/Benign/IIR0014/IIR0014_anterior.jpg, using zero tensor
2025-08-26 21:07:51,943 - WARNING - Missing image at data/raw/Breast-Thermography-Raw/Benign/IIR0025/IIR0025_oblleft.jpg, using zero tensor
2025-08-26 21:07:51,943 - WARNING - Missing image at data/raw/Breast-Thermography-Raw/Benign/IIR0064/IIR0064_oblleft.jpg, using zero tensor
2025-08-26 21:07:51,954 - WARNING - Missing image at data/raw/Breast-Thermography-Raw/Benign/IIR0078/IIR0078_oblleft.jpg, using zero tensor
2025-08-26 21:07:51,963 - WARNING - Missing image at data/raw/Breast-Thermography-Raw/Benign/IIR0025/IIR0025_oblright.jpg, using zero tensor
2025-08-26 21:07:51,966 - WARNING - Missing image at data/raw/Breast-Thermography-Raw/Benign/IIR0014/IIR0014_oblleft.jpg, using zero tensor
2025-08-26 21:07:51,976 - WARNING - Missing image at data/raw/Breast-Thermography-Raw/Benign/IIR0064/IIR0064_oblright.jpg, using zero tensor
2025-08-26 21:07:51,984 - WARNING - Missing image at data/raw/Breast-Thermography-Raw/Benign/IIR0078/IIR0078_oblright.jpg, using zero tensor
2025-08-26 21:07:52,009 - WARNING - Missing image at data/raw/Breast-Thermography-Raw/Benign/IIR0014/IIR0014_oblright.jpg, using zero tensor
2025-08-26 21:07:52,014 - WARNING - Missing image at data/raw/Breast-Thermography-Raw/Malignant/IIR0024/IIR0024_anterior.jpg, using zero tensor
2025-08-26 21:07:52,022 - WARNING - Missing image at data/raw/Breast-Thermography-Raw/Benign/IIR0010/IIR0010_anterior.jpg, using zero tensor
2025-08-26 21:07:52,029 - WARNING - Missing image at data/raw/Breast-Thermography-Raw/Benign/IIR0054/IIR0054_anterior.jpg, using zero tensor
2025-08-26 21:07:52,040 - WARNING - Missing image at data/raw/Breast-Thermography-Raw/Benign/IIR0029/IIR0029_anterior.jpg, using zero tensor
2025-08-26 21:07:52,044 - WARNING - Missing image at data/raw/Breast-Thermography-Raw/Malignant/IIR0024/IIR0024_oblleft.jpg, using zero tensor
2025-08-26 21:07:52,047 - WARNING - Missing image at data/raw/Breast-Thermography-Raw/Benign/IIR0054/IIR0054_oblleft.jpg, using zero tensor
2025-08-26 21:07:52,055 - WARNING - Missing image at data/raw/Breast-Thermography-Raw/Benign/IIR0010/IIR0010_oblleft.jpg, using zero tensor
2025-08-26 21:07:52,063 - WARNING - Missing image at data/raw/Breast-Thermography-Raw/Malignant/IIR0024/IIR0024_oblright.jpg, using zero tensor
2025-08-26 21:07:52,065 - WARNING - Missing image at data/raw/Breast-Thermography-Raw/Benign/IIR0029/IIR0029_oblleft.jpg, using zero tensor
2025-08-26 21:07:52,073 - WARNING - Missing image at data/raw/Breast-Thermography-Raw/Benign/IIR0010/IIR0010_oblright.jpg, using zero tensor
2025-08-26 21:07:52,074 - WARNING - Missing image at data/raw/Breast-Thermography-Raw/Benign/IIR0054/IIR0054_oblright.jpg, using zero tensor
2025-08-26 21:07:52,083 - WARNING - Missing image at data/raw/Breast-Thermography-Raw/Benign/IIR0029/IIR0029_oblright.jpg, using zero tensor
2025-08-26 21:07:52,100 - WARNING - Missing image at data/raw/Breast-Thermography-Raw/Benign/IIR0092/IIR0092_anterior.jpg, using zero tensor
2025-08-26 21:07:52,110 - WARNING - Missing image at data/raw/Breast-Thermography-Raw/Benign/IIR0103/IIR0103_anterior.jpg, using zero tensor
2025-08-26 21:07:52,111 - WARNING - Missing image at data/raw/Breast-Thermography-Raw/Benign/IIR0051/IIR0051_anterior.jpg, using zero tensor
2025-08-26 21:07:52,118 - WARNING - Missing image at data/raw/Breast-Thermography-Raw/Benign/IIR0116/IIR0116_anterior.jpg, using zero tensor
2025-08-26 21:07:52,118 - WARNING - Missing image at data/raw/Breast-Thermography-Raw/Benign/IIR0092/IIR0092_oblleft.jpg, using zero tensor
2025-08-26 21:07:52,128 - WARNING - Missing image at data/raw/Breast-Thermography-Raw/Benign/IIR0103/IIR0103_oblleft.jpg, using zero tensor
2025-08-26 21:07:52,129 - WARNING - Missing image at data/raw/Breast-Thermography-Raw/Benign/IIR0051/IIR0051_oblleft.jpg, using zero tensor
2025-08-26 21:07:52,143 - WARNING - Missing image at data/raw/Breast-Thermography-Raw/Benign/IIR0116/IIR0116_oblleft.jpg, using zero tensor
2025-08-26 21:07:52,148 - WARNING - Missing image at data/raw/Breast-Thermography-Raw/Benign/IIR0092/IIR0092_oblright.jpg, using zero tensor
2025-08-26 21:07:52,153 - WARNING - Missing image at data/raw/Breast-Thermography-Raw/Benign/IIR0103/IIR0103_oblright.jpg, using zero tensor
2025-08-26 21:07:52,155 - WARNING - Missing image at data/raw/Breast-Thermography-Raw/Benign/IIR0051/IIR0051_oblright.jpg, using zero tensor
2025-08-26 21:07:52,163 - WARNING - Missing image at data/raw/Breast-Thermography-Raw/Benign/IIR0116/IIR0116_oblright.jpg, using zero tensor
2025-08-26 21:07:52,181 - WARNING - Missing image at data/raw/Breast-Thermography-Raw/Malignant/IIR0065/IIR0065_anterior.jpg, using zero tensor
2025-08-26 21:07:52,190 - WARNING - Missing image at data/raw/Breast-Thermography-Raw/Malignant/IIR0084/IIR0084_anterior.jpg, using zero tensor
2025-08-26 21:07:52,191 - WARNING - Missing image at data/raw/Breast-Thermography-Raw/Malignant/IIR0035/IIR0035_anterior.jpg, using zero tensor
2025-08-26 21:07:52,202 - WARNING - Missing image at data/raw/Breast-Thermography-Raw/Benign/IIR0055/IIR0055_anterior.jpg, using zero tensor
2025-08-26 21:07:52,207 - WARNING - Missing image at data/raw/Breast-Thermography-Raw/Malignant/IIR0065/IIR0065_oblleft.jpg, using zero tensor
2025-08-26 21:07:52,212 - WARNING - Missing image at data/raw/Breast-Thermography-Raw/Malignant/IIR0084/IIR0084_oblleft.jpg, using zero tensor
2025-08-26 21:07:52,219 - WARNING - Missing image at data/raw/Breast-Thermography-Raw/Malignant/IIR0035/IIR0035_oblleft.jpg, using zero tensor
2025-08-26 21:07:52,222 - WARNING - Missing image at data/raw/Breast-Thermography-Raw/Benign/IIR0055/IIR0055_oblleft.jpg, using zero tensor
2025-08-26 21:07:52,233 - WARNING - Missing image at data/raw/Breast-Thermography-Raw/Malignant/IIR0065/IIR0065_oblright.jpg, using zero tensor
2025-08-26 21:07:52,244 - WARNING - Missing image at data/raw/Breast-Thermography-Raw/Malignant/IIR0084/IIR0084_oblright.jpg, using zero tensor
2025-08-26 21:07:52,248 - WARNING - Missing image at data/raw/Breast-Thermography-Raw/Benign/IIR0055/IIR0055_oblright.jpg, using zero tensor
2025-08-26 21:07:52,250 - WARNING - Missing image at data/raw/Breast-Thermography-Raw/Malignant/IIR0035/IIR0035_oblright.jpg, using zero tensor
2025-08-26 21:07:52,279 - WARNING - Missing image at data/raw/Breast-Thermography-Raw/Benign/IIR0091/IIR0091_anterior.jpg, using zero tensor
2025-08-26 21:07:52,284 - WARNING - Missing image at data/raw/Breast-Thermography-Raw/Malignant/IIR0059/IIR0059_anterior.jpg, using zero tensor
2025-08-26 21:07:52,285 - WARNING - Missing image at data/raw/Breast-Thermography-Raw/Benign/IIR0066/IIR0066_anterior.jpg, using zero tensor
2025-08-26 21:07:52,286 - WARNING - Missing image at data/raw/Breast-Thermography-Raw/Benign/IIR0011/IIR0011_anterior.jpg, using zero tensor
2025-08-26 21:07:52,305 - WARNING - Missing image at data/raw/Breast-Thermography-Raw/Benign/IIR0066/IIR0066_oblleft.jpg, using zero tensor
2025-08-26 21:07:52,305 - WARNING - Missing image at data/raw/Breast-Thermography-Raw/Benign/IIR0091/IIR0091_oblleft.jpg, using zero tensor
2025-08-26 21:07:52,305 - WARNING - Missing image at data/raw/Breast-Thermography-Raw/Benign/IIR0011/IIR0011_oblleft.jpg, using zero tensor
2025-08-26 21:07:52,306 - WARNING - Missing image at data/raw/Breast-Thermography-Raw/Malignant/IIR0059/IIR0059_oblleft.jpg, using zero tensor
2025-08-26 21:07:52,344 - WARNING - Missing image at data/raw/Breast-Thermography-Raw/Benign/IIR0011/IIR0011_oblright.jpg, using zero tensor
2025-08-26 21:07:52,344 - WARNING - Missing image at data/raw/Breast-Thermography-Raw/Benign/IIR0066/IIR0066_oblright.jpg, using zero tensor
2025-08-26 21:07:52,345 - WARNING - Missing image at data/raw/Breast-Thermography-Raw/Benign/IIR0091/IIR0091_oblright.jpg, using zero tensor
2025-08-26 21:07:52,347 - WARNING - Missing image at data/raw/Breast-Thermography-Raw/Malignant/IIR0059/IIR0059_oblright.jpg, using zero tensor
2025-08-26 21:07:52,398 - WARNING - Missing image at data/raw/Breast-Thermography-Raw/Benign/IIR0016/IIR0016_anterior.jpg, using zero tensor
2025-08-26 21:07:52,407 - WARNING - Missing image at data/raw/Breast-Thermography-Raw/Benign/IIR0018/IIR0018_anterior.jpg, using zero tensor
2025-08-26 21:07:52,416 - WARNING - Missing image at data/raw/Breast-Thermography-Raw/Benign/IIR0006/IIR0006_anterior.jpg, using zero tensor
2025-08-26 21:07:52,418 - WARNING - Missing image at data/raw/Breast-Thermography-Raw/Benign/IIR0042/IIR0042_anterior.jpg, using zero tensor
2025-08-26 21:07:52,423 - WARNING - Missing image at data/raw/Breast-Thermography-Raw/Benign/IIR0016/IIR0016_oblleft.jpg, using zero tensor
2025-08-26 21:07:52,427 - WARNING - Missing image at data/raw/Breast-Thermography-Raw/Benign/IIR0018/IIR0018_oblleft.jpg, using zero tensor
2025-08-26 21:07:52,435 - WARNING - Missing image at data/raw/Breast-Thermography-Raw/Benign/IIR0006/IIR0006_oblleft.jpg, using zero tensor
2025-08-26 21:07:52,448 - WARNING - Missing image at data/raw/Breast-Thermography-Raw/Benign/IIR0042/IIR0042_oblleft.jpg, using zero tensor
2025-08-26 21:07:52,453 - WARNING - Missing image at data/raw/Breast-Thermography-Raw/Benign/IIR0018/IIR0018_oblright.jpg, using zero tensor
2025-08-26 21:07:52,453 - WARNING - Missing image at data/raw/Breast-Thermography-Raw/Benign/IIR0016/IIR0016_oblright.jpg, using zero tensor
2025-08-26 21:07:52,478 - WARNING - Missing image at data/raw/Breast-Thermography-Raw/Benign/IIR0006/IIR0006_oblright.jpg, using zero tensor
2025-08-26 21:07:52,491 - WARNING - Missing image at data/raw/Breast-Thermography-Raw/Benign/IIR0042/IIR0042_oblright.jpg, using zero tensor
2025-08-26 21:07:52,521 - WARNING - Missing image at data/raw/Breast-Thermography-Raw/Malignant/IIR0093/IIR0093_anterior.jpg, using zero tensor
2025-08-26 21:07:52,521 - WARNING - Missing image at data/raw/Breast-Thermography-Raw/Malignant/IIR0085/IIR0085_anterior.jpg, using zero tensor
2025-08-26 21:07:52,530 - WARNING - Missing image at data/raw/Breast-Thermography-Raw/Benign/IIR0039/IIR0039_anterior.jpg, using zero tensor
2025-08-26 21:07:52,542 - WARNING - Missing image at data/raw/Breast-Thermography-Raw/Benign/IIR0088/IIR0088_anterior.jpg, using zero tensor
2025-08-26 21:07:52,545 - WARNING - Missing image at data/raw/Breast-Thermography-Raw/Malignant/IIR0085/IIR0085_oblleft.jpg, using zero tensor
2025-08-26 21:07:52,545 - WARNING - Missing image at data/raw/Breast-Thermography-Raw/Malignant/IIR0093/IIR0093_oblleft.jpg, using zero tensor
2025-08-26 21:07:52,549 - WARNING - Missing image at data/raw/Breast-Thermography-Raw/Benign/IIR0039/IIR0039_oblleft.jpg, using zero tensor
2025-08-26 21:07:52,559 - WARNING - Missing image at data/raw/Breast-Thermography-Raw/Benign/IIR0088/IIR0088_oblleft.jpg, using zero tensor
2025-08-26 21:07:52,564 - WARNING - Missing image at data/raw/Breast-Thermography-Raw/Malignant/IIR0093/IIR0093_oblright.jpg, using zero tensor
2025-08-26 21:07:52,564 - WARNING - Missing image at data/raw/Breast-Thermography-Raw/Malignant/IIR0085/IIR0085_oblright.jpg, using zero tensor
2025-08-26 21:07:52,572 - WARNING - Missing image at data/raw/Breast-Thermography-Raw/Benign/IIR0039/IIR0039_oblright.jpg, using zero tensor
2025-08-26 21:07:52,576 - WARNING - Missing image at data/raw/Breast-Thermography-Raw/Benign/IIR0088/IIR0088_oblright.jpg, using zero tensor
2025-08-26 21:07:52,640 - WARNING - Missing image at data/raw/Breast-Thermography-Raw/Malignant/IIR0030/IIR0030_anterior.jpg, using zero tensor
2025-08-26 21:07:52,642 - WARNING - Missing image at data/raw/Breast-Thermography-Raw/Benign/IIR0044/IIR0044_anterior.jpg, using zero tensor
2025-08-26 21:07:52,643 - WARNING - Missing image at data/raw/Breast-Thermography-Raw/Benign/IIR0061/IIR0061_anterior.jpg, using zero tensor
2025-08-26 21:07:52,645 - WARNING - Missing image at data/raw/Breast-Thermography-Raw/Benign/IIR0032/IIR0032_anterior.jpg, using zero tensor
2025-08-26 21:07:52,658 - WARNING - Missing image at data/raw/Breast-Thermography-Raw/Malignant/IIR0030/IIR0030_oblleft.jpg, using zero tensor
2025-08-26 21:07:52,661 - WARNING - Missing image at data/raw/Breast-Thermography-Raw/Benign/IIR0044/IIR0044_oblleft.jpg, using zero tensor
2025-08-26 21:07:52,663 - WARNING - Missing image at data/raw/Breast-Thermography-Raw/Benign/IIR0032/IIR0032_oblleft.jpg, using zero tensor
2025-08-26 21:07:52,670 - WARNING - Missing image at data/raw/Breast-Thermography-Raw/Benign/IIR0061/IIR0061_oblleft.jpg, using zero tensor
2025-08-26 21:07:52,678 - WARNING - Missing image at data/raw/Breast-Thermography-Raw/Benign/IIR0044/IIR0044_oblright.jpg, using zero tensor
2025-08-26 21:07:52,679 - WARNING - Missing image at data/raw/Breast-Thermography-Raw/Malignant/IIR0030/IIR0030_oblright.jpg, using zero tensor
2025-08-26 21:07:52,684 - WARNING - Missing image at data/raw/Breast-Thermography-Raw/Benign/IIR0032/IIR0032_oblright.jpg, using zero tensor
2025-08-26 21:07:52,691 - WARNING - Missing image at data/raw/Breast-Thermography-Raw/Benign/IIR0061/IIR0061_oblright.jpg, using zero tensor
2025-08-26 21:07:52,708 - WARNING - Missing image at data/raw/Breast-Thermography-Raw/Malignant/IIR0072/IIR0072_anterior.jpg, using zero tensor
2025-08-26 21:07:52,712 - WARNING - Missing image at data/raw/Breast-Thermography-Raw/Malignant/IIR0089/IIR0089_anterior.jpg, using zero tensor
2025-08-26 21:07:52,718 - WARNING - Missing image at data/raw/Breast-Thermography-Raw/Benign/IIR0058/IIR0058_anterior.jpg, using zero tensor
2025-08-26 21:07:52,724 - WARNING - Missing image at data/raw/Breast-Thermography-Raw/Malignant/IIR0046/IIR0046_anterior.jpg, using zero tensor
2025-08-26 21:07:52,738 - WARNING - Missing image at data/raw/Breast-Thermography-Raw/Malignant/IIR0072/IIR0072_oblleft.jpg, using zero tensor
2025-08-26 21:07:52,744 - WARNING - Missing image at data/raw/Breast-Thermography-Raw/Malignant/IIR0089/IIR0089_oblleft.jpg, using zero tensor
2025-08-26 21:07:52,771 - WARNING - Missing image at data/raw/Breast-Thermography-Raw/Malignant/IIR0046/IIR0046_oblleft.jpg, using zero tensor
2025-08-26 21:07:52,771 - WARNING - Missing image at data/raw/Breast-Thermography-Raw/Benign/IIR0058/IIR0058_oblleft.jpg, using zero tensor
2025-08-26 21:07:52,780 - WARNING - Missing image at data/raw/Breast-Thermography-Raw/Malignant/IIR0072/IIR0072_oblright.jpg, using zero tensor
2025-08-26 21:07:52,781 - WARNING - Missing image at data/raw/Breast-Thermography-Raw/Malignant/IIR0089/IIR0089_oblright.jpg, using zero tensor
2025-08-26 21:07:52,794 - WARNING - Missing image at data/raw/Breast-Thermography-Raw/Malignant/IIR0046/IIR0046_oblright.jpg, using zero tensor
2025-08-26 21:07:52,795 - WARNING - Missing image at data/raw/Breast-Thermography-Raw/Benign/IIR0058/IIR0058_oblright.jpg, using zero tensor
2025-08-26 21:07:52,820 - WARNING - Missing image at data/raw/Breast-Thermography-Raw/Benign/IIR0001/IIR0001_anterior.jpg, using zero tensor
2025-08-26 21:07:52,820 - WARNING - Missing image at data/raw/Breast-Thermography-Raw/Malignant/IIR0101/IIR0101_anterior.jpg, using zero tensor
2025-08-26 21:07:52,835 - WARNING - Missing image at data/raw/Breast-Thermography-Raw/Malignant/IIR0056/IIR0056_anterior.jpg, using zero tensor
2025-08-26 21:07:52,837 - WARNING - Missing image at data/raw/Breast-Thermography-Raw/Benign/IIR0027/IIR0027_anterior.jpg, using zero tensor
2025-08-26 21:07:52,843 - WARNING - Missing image at data/raw/Breast-Thermography-Raw/Malignant/IIR0101/IIR0101_oblleft.jpg, using zero tensor
2025-08-26 21:07:52,845 - WARNING - Missing image at data/raw/Breast-Thermography-Raw/Benign/IIR0001/IIR0001_oblleft.jpg, using zero tensor
2025-08-26 21:07:52,856 - WARNING - Missing image at data/raw/Breast-Thermography-Raw/Benign/IIR0027/IIR0027_oblleft.jpg, using zero tensor
2025-08-26 21:07:52,857 - WARNING - Missing image at data/raw/Breast-Thermography-Raw/Malignant/IIR0056/IIR0056_oblleft.jpg, using zero tensor
2025-08-26 21:07:52,864 - WARNING - Missing image at data/raw/Breast-Thermography-Raw/Malignant/IIR0101/IIR0101_oblright.jpg, using zero tensor
2025-08-26 21:07:52,868 - WARNING - Missing image at data/raw/Breast-Thermography-Raw/Benign/IIR0001/IIR0001_oblright.jpg, using zero tensor
2025-08-26 21:07:52,876 - WARNING - Missing image at data/raw/Breast-Thermography-Raw/Malignant/IIR0056/IIR0056_oblright.jpg, using zero tensor
2025-08-26 21:07:52,876 - WARNING - Missing image at data/raw/Breast-Thermography-Raw/Benign/IIR0027/IIR0027_oblright.jpg, using zero tensor
2025-08-26 21:07:52,901 - WARNING - Missing image at data/raw/Breast-Thermography-Raw/Benign/IIR0118/IIR0118_anterior.jpg, using zero tensor
2025-08-26 21:07:52,905 - WARNING - Missing image at data/raw/Breast-Thermography-Raw/Benign/IIR0099/IIR0099_anterior.jpg, using zero tensor
2025-08-26 21:07:52,913 - WARNING - Missing image at data/raw/Breast-Thermography-Raw/Benign/IIR0031/IIR0031_anterior.jpg, using zero tensor
2025-08-26 21:07:52,914 - WARNING - Missing image at data/raw/Breast-Thermography-Raw/Benign/IIR0114/IIR0114_anterior.jpg, using zero tensor
2025-08-26 21:07:52,925 - WARNING - Missing image at data/raw/Breast-Thermography-Raw/Benign/IIR0118/IIR0118_oblleft.jpg, using zero tensor
2025-08-26 21:07:52,925 - WARNING - Missing image at data/raw/Breast-Thermography-Raw/Benign/IIR0099/IIR0099_oblleft.jpg, using zero tensor
2025-08-26 21:07:52,936 - WARNING - Missing image at data/raw/Breast-Thermography-Raw/Benign/IIR0114/IIR0114_oblleft.jpg, using zero tensor
2025-08-26 21:07:52,940 - WARNING - Missing image at data/raw/Breast-Thermography-Raw/Benign/IIR0031/IIR0031_oblleft.jpg, using zero tensor
2025-08-26 21:07:52,952 - WARNING - Missing image at data/raw/Breast-Thermography-Raw/Benign/IIR0118/IIR0118_oblright.jpg, using zero tensor
2025-08-26 21:07:52,952 - WARNING - Missing image at data/raw/Breast-Thermography-Raw/Benign/IIR0099/IIR0099_oblright.jpg, using zero tensor
2025-08-26 21:07:52,961 - WARNING - Missing image at data/raw/Breast-Thermography-Raw/Benign/IIR0114/IIR0114_oblright.jpg, using zero tensor
2025-08-26 21:07:52,966 - WARNING - Missing image at data/raw/Breast-Thermography-Raw/Benign/IIR0031/IIR0031_oblright.jpg, using zero tensor
2025-08-26 21:07:52,987 - WARNING - Missing image at data/raw/Breast-Thermography-Raw/Malignant/IIR0102/IIR0102_anterior.jpg, using zero tensor
2025-08-26 21:07:52,993 - WARNING - Missing image at data/raw/Breast-Thermography-Raw/Benign/IIR0009/IIR0009_anterior.jpg, using zero tensor
2025-08-26 21:07:52,998 - WARNING - Missing image at data/raw/Breast-Thermography-Raw/Benign/IIR0076/IIR0076_anterior.jpg, using zero tensor
2025-08-26 21:07:53,017 - WARNING - Missing image at data/raw/Breast-Thermography-Raw/Benign/IIR0075/IIR0075_anterior.jpg, using zero tensor
2025-08-26 21:07:53,026 - WARNING - Missing image at data/raw/Breast-Thermography-Raw/Malignant/IIR0102/IIR0102_oblleft.jpg, using zero tensor
2025-08-26 21:07:53,027 - WARNING - Missing image at data/raw/Breast-Thermography-Raw/Benign/IIR0009/IIR0009_oblleft.jpg, using zero tensor
2025-08-26 21:07:53,034 - WARNING - Missing image at data/raw/Breast-Thermography-Raw/Benign/IIR0076/IIR0076_oblleft.jpg, using zero tensor
2025-08-26 21:07:53,048 - WARNING - Missing image at data/raw/Breast-Thermography-Raw/Benign/IIR0075/IIR0075_oblleft.jpg, using zero tensor
2025-08-26 21:07:53,057 - WARNING - Missing image at data/raw/Breast-Thermography-Raw/Malignant/IIR0102/IIR0102_oblright.jpg, using zero tensor
2025-08-26 21:07:53,057 - WARNING - Missing image at data/raw/Breast-Thermography-Raw/Benign/IIR0009/IIR0009_oblright.jpg, using zero tensor
2025-08-26 21:07:53,075 - WARNING - Missing image at data/raw/Breast-Thermography-Raw/Benign/IIR0076/IIR0076_oblright.jpg, using zero tensor
2025-08-26 21:07:53,086 - WARNING - Missing image at data/raw/Breast-Thermography-Raw/Benign/IIR0075/IIR0075_oblright.jpg, using zero tensor
2025-08-26 21:07:53,112 - WARNING - Missing image at data/raw/Breast-Thermography-Raw/Benign/IIR0041/IIR0041_anterior.jpg, using zero tensor
2025-08-26 21:07:53,112 - WARNING - Missing image at data/raw/Breast-Thermography-Raw/Benign/IIR0079/IIR0079_anterior.jpg, using zero tensor
2025-08-26 21:07:53,118 - WARNING - Missing image at data/raw/Breast-Thermography-Raw/Malignant/IIR0104/IIR0104_anterior.jpg, using zero tensor
2025-08-26 21:07:53,126 - WARNING - Missing image at data/raw/Breast-Thermography-Raw/Benign/IIR0074/IIR0074_anterior.jpg, using zero tensor
2025-08-26 21:07:53,133 - WARNING - Missing image at data/raw/Breast-Thermography-Raw/Benign/IIR0079/IIR0079_oblleft.jpg, using zero tensor
2025-08-26 21:07:53,134 - WARNING - Missing image at data/raw/Breast-Thermography-Raw/Benign/IIR0041/IIR0041_oblleft.jpg, using zero tensor
2025-08-26 21:07:53,141 - WARNING - Missing image at data/raw/Breast-Thermography-Raw/Malignant/IIR0104/IIR0104_oblleft.jpg, using zero tensor
2025-08-26 21:07:53,144 - WARNING - Missing image at data/raw/Breast-Thermography-Raw/Benign/IIR0074/IIR0074_oblleft.jpg, using zero tensor
2025-08-26 21:07:53,152 - WARNING - Missing image at data/raw/Breast-Thermography-Raw/Benign/IIR0041/IIR0041_oblright.jpg, using zero tensor
2025-08-26 21:07:53,153 - WARNING - Missing image at data/raw/Breast-Thermography-Raw/Benign/IIR0079/IIR0079_oblright.jpg, using zero tensor
2025-08-26 21:07:53,160 - WARNING - Missing image at data/raw/Breast-Thermography-Raw/Malignant/IIR0104/IIR0104_oblright.jpg, using zero tensor
2025-08-26 21:07:53,164 - WARNING - Missing image at data/raw/Breast-Thermography-Raw/Benign/IIR0074/IIR0074_oblright.jpg, using zero tensor
2025-08-26 21:07:53,182 - WARNING - Missing image at data/raw/Breast-Thermography-Raw/Benign/IIR0117/IIR0117_anterior.jpg, using zero tensor
2025-08-26 21:07:53,183 - WARNING - Missing image at data/raw/Breast-Thermography-Raw/Benign/IIR0049/IIR0049_anterior.jpg, using zero tensor
2025-08-26 21:07:53,193 - WARNING - Missing image at data/raw/Breast-Thermography-Raw/Benign/IIR0105/IIR0105_anterior.jpg, using zero tensor
2025-08-26 21:07:53,194 - WARNING - Missing image at data/raw/Breast-Thermography-Raw/Benign/IIR0007/IIR0007_anterior.jpg, using zero tensor
2025-08-26 21:07:53,202 - WARNING - Missing image at data/raw/Breast-Thermography-Raw/Benign/IIR0117/IIR0117_oblleft.jpg, using zero tensor
2025-08-26 21:07:53,205 - WARNING - Missing image at data/raw/Breast-Thermography-Raw/Benign/IIR0049/IIR0049_oblleft.jpg, using zero tensor
2025-08-26 21:07:53,213 - WARNING - Missing image at data/raw/Breast-Thermography-Raw/Benign/IIR0105/IIR0105_oblleft.jpg, using zero tensor
2025-08-26 21:07:53,213 - WARNING - Missing image at data/raw/Breast-Thermography-Raw/Benign/IIR0007/IIR0007_oblleft.jpg, using zero tensor
2025-08-26 21:07:53,222 - WARNING - Missing image at data/raw/Breast-Thermography-Raw/Benign/IIR0117/IIR0117_oblright.jpg, using zero tensor
2025-08-26 21:07:53,223 - WARNING - Missing image at data/raw/Breast-Thermography-Raw/Benign/IIR0049/IIR0049_oblright.jpg, using zero tensor
2025-08-26 21:07:53,232 - WARNING - Missing image at data/raw/Breast-Thermography-Raw/Benign/IIR0105/IIR0105_oblright.jpg, using zero tensor
2025-08-26 21:07:53,234 - WARNING - Missing image at data/raw/Breast-Thermography-Raw/Benign/IIR0007/IIR0007_oblright.jpg, using zero tensor
2025-08-26 21:07:53,254 - WARNING - Missing image at data/raw/Breast-Thermography-Raw/Benign/IIR0057/IIR0057_anterior.jpg, using zero tensor
2025-08-26 21:07:53,255 - WARNING - Missing image at data/raw/Breast-Thermography-Raw/Malignant/IIR0096/IIR0096_anterior.jpg, using zero tensor
2025-08-26 21:07:53,273 - WARNING - Missing image at data/raw/Breast-Thermography-Raw/Benign/IIR0077/IIR0077_anterior.jpg, using zero tensor
2025-08-26 21:07:53,274 - WARNING - Missing image at data/raw/Breast-Thermography-Raw/Benign/IIR0008/IIR0008_anterior.jpg, using zero tensor
2025-08-26 21:07:53,284 - WARNING - Missing image at data/raw/Breast-Thermography-Raw/Benign/IIR0057/IIR0057_oblleft.jpg, using zero tensor
2025-08-26 21:07:53,298 - WARNING - Missing image at data/raw/Breast-Thermography-Raw/Malignant/IIR0096/IIR0096_oblleft.jpg, using zero tensor
2025-08-26 21:07:53,328 - WARNING - Missing image at data/raw/Breast-Thermography-Raw/Benign/IIR0077/IIR0077_oblleft.jpg, using zero tensor
2025-08-26 21:07:53,352 - WARNING - Missing image at data/raw/Breast-Thermography-Raw/Benign/IIR0008/IIR0008_oblleft.jpg, using zero tensor
2025-08-26 21:07:53,359 - WARNING - Missing image at data/raw/Breast-Thermography-Raw/Benign/IIR0057/IIR0057_oblright.jpg, using zero tensor
2025-08-26 21:07:53,372 - WARNING - Missing image at data/raw/Breast-Thermography-Raw/Malignant/IIR0096/IIR0096_oblright.jpg, using zero tensor
2025-08-26 21:07:53,372 - WARNING - Missing image at data/raw/Breast-Thermography-Raw/Benign/IIR0077/IIR0077_oblright.jpg, using zero tensor
2025-08-26 21:07:53,390 - WARNING - Missing image at data/raw/Breast-Thermography-Raw/Benign/IIR0008/IIR0008_oblright.jpg, using zero tensor
