2025-08-26 20:56:46,813 - INFO - Loading pretrained weights from Hugging Face hub (timm/resnet18.a1_in1k)
2025-08-26 20:56:47,341 - INFO - [timm/resnet18.a1_in1k] Safe alternative available for 'pytorch_model.bin' (as 'model.safetensors'). Loading weights using safetensors.
2025-08-26 20:56:47,890 - INFO - Model parameters: {'total': 16145862, 'trainable': 16145862, 'non_trainable': 0}
2025-08-26 20:56:49,653 - INFO - Class distribution: {1: 84, 2: 35}
2025-08-26 20:56:49,654 - INFO - Using effective class weights: [0.5983625054359436, 1.4016374349594116]
2025-08-26 21:01:28,651 - INFO - Loading pretrained weights from Hugging Face hub (timm/resnet18.a1_in1k)
2025-08-26 21:01:29,217 - INFO - [timm/resnet18.a1_in1k] Safe alternative available for 'pytorch_model.bin' (as 'model.safetensors'). Loading weights using safetensors.
2025-08-26 21:01:29,474 - INFO - Model parameters: {'total': 16145862, 'trainable': 16145862, 'non_trainable': 0}
2025-08-26 21:01:29,517 - INFO - Class distribution: {1: 84, 2: 35}
2025-08-26 21:01:29,518 - INFO - Using effective class weights: [0.5983625054359436, 1.4016374349594116]
2025-08-26 21:01:29,574 - INFO - Class distribution: {1: 84, 2: 35}
2025-08-26 21:01:29,575 - INFO - Using effective class weights: [0.5983625054359436, 1.4016374349594116]
2025-08-26 21:01:41,901 - WARNING - Missing image at data/raw/Breast-Thermography-Raw/Benign/IIR0067/IIR0067_anterior.jpg, using zero tensor
2025-08-26 21:01:41,913 - WARNING - Missing image at data/raw/Breast-Thermography-Raw/Malignant/IIR0070/IIR0070_anterior.jpg, using zero tensor
2025-08-26 21:01:41,942 - WARNING - Missing image at data/raw/Breast-Thermography-Raw/Benign/IIR0103/IIR0103_anterior.jpg, using zero tensor
2025-08-26 21:01:41,957 - WARNING - Missing image at data/raw/Breast-Thermography-Raw/Malignant/IIR0069/IIR0069_anterior.jpg, using zero tensor
2025-08-26 21:01:41,961 - WARNING - Missing image at data/raw/Breast-Thermography-Raw/Benign/IIR0067/IIR0067_oblleft.jpg, using zero tensor
2025-08-26 21:01:41,969 - WARNING - Missing image at data/raw/Breast-Thermography-Raw/Benign/IIR0103/IIR0103_oblleft.jpg, using zero tensor
2025-08-26 21:01:41,970 - WARNING - Missing image at data/raw/Breast-Thermography-Raw/Malignant/IIR0070/IIR0070_oblleft.jpg, using zero tensor
2025-08-26 21:01:41,970 - WARNING - Missing image at data/raw/Breast-Thermography-Raw/Benign/IIR0067/IIR0067_oblright.jpg, using zero tensor
2025-08-26 21:01:41,982 - WARNING - Missing image at data/raw/Breast-Thermography-Raw/Malignant/IIR0069/IIR0069_oblleft.jpg, using zero tensor
2025-08-26 21:01:41,988 - WARNING - Missing image at data/raw/Breast-Thermography-Raw/Benign/IIR0103/IIR0103_oblright.jpg, using zero tensor
2025-08-26 21:01:41,988 - WARNING - Missing image at data/raw/Breast-Thermography-Raw/Malignant/IIR0070/IIR0070_oblright.jpg, using zero tensor
2025-08-26 21:01:41,994 - WARNING - Missing image at data/raw/Breast-Thermography-Raw/Malignant/IIR0069/IIR0069_oblright.jpg, using zero tensor
2025-08-26 21:01:41,996 - WARNING - Missing image at data/raw/Breast-Thermography-Raw/Benign/IIR0092/IIR0092_anterior.jpg, using zero tensor
2025-08-26 21:01:42,003 - WARNING - Missing image at data/raw/Breast-Thermography-Raw/Benign/IIR0088/IIR0088_anterior.jpg, using zero tensor
2025-08-26 21:01:42,010 - WARNING - Missing image at data/raw/Breast-Thermography-Raw/Benign/IIR0042/IIR0042_anterior.jpg, using zero tensor
2025-08-26 21:01:42,010 - WARNING - Missing image at data/raw/Breast-Thermography-Raw/Benign/IIR0088/IIR0088_oblleft.jpg, using zero tensor
2025-08-26 21:01:42,012 - WARNING - Missing image at data/raw/Breast-Thermography-Raw/Benign/IIR0092/IIR0092_oblleft.jpg, using zero tensor
2025-08-26 21:01:42,019 - WARNING - Missing image at data/raw/Breast-Thermography-Raw/Benign/IIR0088/IIR0088_oblright.jpg, using zero tensor
2025-08-26 21:01:42,019 - WARNING - Missing image at data/raw/Breast-Thermography-Raw/Benign/IIR0042/IIR0042_oblleft.jpg, using zero tensor
2025-08-26 21:01:42,019 - WARNING - Missing image at data/raw/Breast-Thermography-Raw/Malignant/IIR0084/IIR0084_anterior.jpg, using zero tensor
2025-08-26 21:01:42,026 - WARNING - Missing image at data/raw/Breast-Thermography-Raw/Benign/IIR0092/IIR0092_oblright.jpg, using zero tensor
2025-08-26 21:01:42,026 - WARNING - Missing image at data/raw/Breast-Thermography-Raw/Benign/IIR0042/IIR0042_oblright.jpg, using zero tensor
2025-08-26 21:01:42,027 - WARNING - Missing image at data/raw/Breast-Thermography-Raw/Malignant/IIR0084/IIR0084_oblleft.jpg, using zero tensor
2025-08-26 21:01:42,031 - WARNING - Missing image at data/raw/Breast-Thermography-Raw/Benign/IIR0027/IIR0027_anterior.jpg, using zero tensor
2025-08-26 21:01:42,038 - WARNING - Missing image at data/raw/Breast-Thermography-Raw/Malignant/IIR0052/IIR0052_anterior.jpg, using zero tensor
2025-08-26 21:01:42,041 - WARNING - Missing image at data/raw/Breast-Thermography-Raw/Benign/IIR0027/IIR0027_oblleft.jpg, using zero tensor
2025-08-26 21:01:42,042 - WARNING - Missing image at data/raw/Breast-Thermography-Raw/Malignant/IIR0084/IIR0084_oblright.jpg, using zero tensor
2025-08-26 21:01:42,046 - WARNING - Missing image at data/raw/Breast-Thermography-Raw/Malignant/IIR0046/IIR0046_anterior.jpg, using zero tensor
2025-08-26 21:01:42,049 - WARNING - Missing image at data/raw/Breast-Thermography-Raw/Malignant/IIR0052/IIR0052_oblleft.jpg, using zero tensor
2025-08-26 21:01:42,050 - WARNING - Missing image at data/raw/Breast-Thermography-Raw/Benign/IIR0027/IIR0027_oblright.jpg, using zero tensor
2025-08-26 21:01:42,051 - WARNING - Missing image at data/raw/Breast-Thermography-Raw/Malignant/IIR0071/IIR0071_anterior.jpg, using zero tensor
2025-08-26 21:01:42,056 - WARNING - Missing image at data/raw/Breast-Thermography-Raw/Malignant/IIR0046/IIR0046_oblleft.jpg, using zero tensor
2025-08-26 21:01:42,059 - WARNING - Missing image at data/raw/Breast-Thermography-Raw/Malignant/IIR0052/IIR0052_oblright.jpg, using zero tensor
2025-08-26 21:01:42,061 - WARNING - Missing image at data/raw/Breast-Thermography-Raw/Malignant/IIR0071/IIR0071_oblleft.jpg, using zero tensor
2025-08-26 21:01:42,062 - WARNING - Missing image at data/raw/Breast-Thermography-Raw/Benign/IIR0016/IIR0016_anterior.jpg, using zero tensor
2025-08-26 21:01:42,066 - WARNING - Missing image at data/raw/Breast-Thermography-Raw/Malignant/IIR0046/IIR0046_oblright.jpg, using zero tensor
2025-08-26 21:01:42,069 - WARNING - Missing image at data/raw/Breast-Thermography-Raw/Benign/IIR0016/IIR0016_oblleft.jpg, using zero tensor
2025-08-26 21:01:42,088 - WARNING - Missing image at data/raw/Breast-Thermography-Raw/Malignant/IIR0071/IIR0071_oblright.jpg, using zero tensor
2025-08-26 21:01:42,088 - WARNING - Missing image at data/raw/Breast-Thermography-Raw/Benign/IIR0008/IIR0008_anterior.jpg, using zero tensor
2025-08-26 21:01:42,093 - WARNING - Missing image at data/raw/Breast-Thermography-Raw/Benign/IIR0016/IIR0016_oblright.jpg, using zero tensor
2025-08-26 21:01:42,093 - WARNING - Missing image at data/raw/Breast-Thermography-Raw/Benign/IIR0114/IIR0114_anterior.jpg, using zero tensor
2025-08-26 21:01:42,100 - WARNING - Missing image at data/raw/Breast-Thermography-Raw/Benign/IIR0008/IIR0008_oblleft.jpg, using zero tensor
2025-08-26 21:01:42,103 - WARNING - Missing image at data/raw/Breast-Thermography-Raw/Benign/IIR0117/IIR0117_anterior.jpg, using zero tensor
2025-08-26 21:01:42,120 - WARNING - Missing image at data/raw/Breast-Thermography-Raw/Malignant/IIR0024/IIR0024_anterior.jpg, using zero tensor
2025-08-26 21:01:42,121 - WARNING - Missing image at data/raw/Breast-Thermography-Raw/Benign/IIR0114/IIR0114_oblleft.jpg, using zero tensor
2025-08-26 21:01:42,128 - WARNING - Missing image at data/raw/Breast-Thermography-Raw/Benign/IIR0008/IIR0008_oblright.jpg, using zero tensor
2025-08-26 21:01:42,134 - WARNING - Missing image at data/raw/Breast-Thermography-Raw/Benign/IIR0117/IIR0117_oblleft.jpg, using zero tensor
2025-08-26 21:01:42,135 - WARNING - Missing image at data/raw/Breast-Thermography-Raw/Benign/IIR0114/IIR0114_oblright.jpg, using zero tensor
2025-08-26 21:01:42,145 - WARNING - Missing image at data/raw/Breast-Thermography-Raw/Benign/IIR0117/IIR0117_oblright.jpg, using zero tensor
2025-08-26 21:01:42,148 - WARNING - Missing image at data/raw/Breast-Thermography-Raw/Benign/IIR0044/IIR0044_anterior.jpg, using zero tensor
2025-08-26 21:01:42,151 - WARNING - Missing image at data/raw/Breast-Thermography-Raw/Malignant/IIR0024/IIR0024_oblleft.jpg, using zero tensor
2025-08-26 21:01:42,155 - WARNING - Missing image at data/raw/Breast-Thermography-Raw/Benign/IIR0099/IIR0099_anterior.jpg, using zero tensor
2025-08-26 21:01:42,155 - WARNING - Missing image at data/raw/Breast-Thermography-Raw/Benign/IIR0044/IIR0044_oblleft.jpg, using zero tensor
2025-08-26 21:01:42,159 - WARNING - Missing image at data/raw/Breast-Thermography-Raw/Malignant/IIR0024/IIR0024_oblright.jpg, using zero tensor
2025-08-26 21:01:42,160 - WARNING - Missing image at data/raw/Breast-Thermography-Raw/Benign/IIR0105/IIR0105_anterior.jpg, using zero tensor
2025-08-26 21:01:42,163 - WARNING - Missing image at data/raw/Breast-Thermography-Raw/Benign/IIR0044/IIR0044_oblright.jpg, using zero tensor
2025-08-26 21:01:42,164 - WARNING - Missing image at data/raw/Breast-Thermography-Raw/Benign/IIR0099/IIR0099_oblleft.jpg, using zero tensor
2025-08-26 21:01:42,168 - WARNING - Missing image at data/raw/Breast-Thermography-Raw/Benign/IIR0105/IIR0105_oblleft.jpg, using zero tensor
2025-08-26 21:01:42,169 - WARNING - Missing image at data/raw/Breast-Thermography-Raw/Malignant/IIR0072/IIR0072_anterior.jpg, using zero tensor
2025-08-26 21:01:42,171 - WARNING - Missing image at data/raw/Breast-Thermography-Raw/Benign/IIR0099/IIR0099_oblright.jpg, using zero tensor
2025-08-26 21:01:42,175 - WARNING - Missing image at data/raw/Breast-Thermography-Raw/Benign/IIR0105/IIR0105_oblright.jpg, using zero tensor
2025-08-26 21:01:42,176 - WARNING - Missing image at data/raw/Breast-Thermography-Raw/Benign/IIR0034/IIR0034_anterior.jpg, using zero tensor
2025-08-26 21:01:42,187 - WARNING - Missing image at data/raw/Breast-Thermography-Raw/Benign/IIR0095/IIR0095_anterior.jpg, using zero tensor
2025-08-26 21:01:42,187 - WARNING - Missing image at data/raw/Breast-Thermography-Raw/Malignant/IIR0072/IIR0072_oblleft.jpg, using zero tensor
2025-08-26 21:01:42,190 - WARNING - Missing image at data/raw/Breast-Thermography-Raw/Benign/IIR0034/IIR0034_oblleft.jpg, using zero tensor
2025-08-26 21:01:42,193 - WARNING - Missing image at data/raw/Breast-Thermography-Raw/Malignant/IIR0093/IIR0093_anterior.jpg, using zero tensor
2025-08-26 21:01:42,197 - WARNING - Missing image at data/raw/Breast-Thermography-Raw/Malignant/IIR0072/IIR0072_oblright.jpg, using zero tensor
2025-08-26 21:01:42,197 - WARNING - Missing image at data/raw/Breast-Thermography-Raw/Benign/IIR0034/IIR0034_oblright.jpg, using zero tensor
2025-08-26 21:01:42,198 - WARNING - Missing image at data/raw/Breast-Thermography-Raw/Benign/IIR0095/IIR0095_oblleft.jpg, using zero tensor
2025-08-26 21:01:42,202 - WARNING - Missing image at data/raw/Breast-Thermography-Raw/Malignant/IIR0093/IIR0093_oblleft.jpg, using zero tensor
2025-08-26 21:01:42,205 - WARNING - Missing image at data/raw/Breast-Thermography-Raw/Benign/IIR0095/IIR0095_oblright.jpg, using zero tensor
2025-08-26 21:01:42,210 - WARNING - Missing image at data/raw/Breast-Thermography-Raw/Benign/IIR0031/IIR0031_anterior.jpg, using zero tensor
2025-08-26 21:01:42,211 - WARNING - Missing image at data/raw/Breast-Thermography-Raw/Malignant/IIR0036/IIR0036_anterior.jpg, using zero tensor
2025-08-26 21:01:42,216 - WARNING - Missing image at data/raw/Breast-Thermography-Raw/Benign/IIR0116/IIR0116_anterior.jpg, using zero tensor
2025-08-26 21:01:42,217 - WARNING - Missing image at data/raw/Breast-Thermography-Raw/Malignant/IIR0093/IIR0093_oblright.jpg, using zero tensor
2025-08-26 21:01:42,220 - WARNING - Missing image at data/raw/Breast-Thermography-Raw/Benign/IIR0031/IIR0031_oblleft.jpg, using zero tensor
2025-08-26 21:01:42,220 - WARNING - Missing image at data/raw/Breast-Thermography-Raw/Malignant/IIR0036/IIR0036_oblleft.jpg, using zero tensor
2025-08-26 21:01:42,226 - WARNING - Missing image at data/raw/Breast-Thermography-Raw/Benign/IIR0091/IIR0091_anterior.jpg, using zero tensor
2025-08-26 21:01:42,227 - WARNING - Missing image at data/raw/Breast-Thermography-Raw/Malignant/IIR0036/IIR0036_oblright.jpg, using zero tensor
2025-08-26 21:01:42,229 - WARNING - Missing image at data/raw/Breast-Thermography-Raw/Benign/IIR0116/IIR0116_oblleft.jpg, using zero tensor
2025-08-26 21:01:42,233 - WARNING - Missing image at data/raw/Breast-Thermography-Raw/Benign/IIR0031/IIR0031_oblright.jpg, using zero tensor
2025-08-26 21:01:42,236 - WARNING - Missing image at data/raw/Breast-Thermography-Raw/Benign/IIR0116/IIR0116_oblright.jpg, using zero tensor
2025-08-26 21:01:42,236 - WARNING - Missing image at data/raw/Breast-Thermography-Raw/Benign/IIR0091/IIR0091_oblleft.jpg, using zero tensor
2025-08-26 21:01:42,241 - WARNING - Missing image at data/raw/Breast-Thermography-Raw/Benign/IIR0041/IIR0041_anterior.jpg, using zero tensor
2025-08-26 21:01:42,241 - WARNING - Missing image at data/raw/Breast-Thermography-Raw/Malignant/IIR0104/IIR0104_anterior.jpg, using zero tensor
2025-08-26 21:01:42,245 - WARNING - Missing image at data/raw/Breast-Thermography-Raw/Benign/IIR0091/IIR0091_oblright.jpg, using zero tensor
2025-08-26 21:01:42,246 - WARNING - Missing image at data/raw/Breast-Thermography-Raw/Benign/IIR0076/IIR0076_anterior.jpg, using zero tensor
2025-08-26 21:01:42,252 - WARNING - Missing image at data/raw/Breast-Thermography-Raw/Benign/IIR0041/IIR0041_oblleft.jpg, using zero tensor
2025-08-26 21:01:42,253 - WARNING - Missing image at data/raw/Breast-Thermography-Raw/Malignant/IIR0104/IIR0104_oblleft.jpg, using zero tensor
2025-08-26 21:01:42,255 - WARNING - Missing image at data/raw/Breast-Thermography-Raw/Benign/IIR0110/IIR0110_anterior.jpg, using zero tensor
2025-08-26 21:01:42,255 - WARNING - Missing image at data/raw/Breast-Thermography-Raw/Benign/IIR0076/IIR0076_oblleft.jpg, using zero tensor
2025-08-26 21:01:42,260 - WARNING - Missing image at data/raw/Breast-Thermography-Raw/Malignant/IIR0104/IIR0104_oblright.jpg, using zero tensor
2025-08-26 21:01:42,261 - WARNING - Missing image at data/raw/Breast-Thermography-Raw/Benign/IIR0076/IIR0076_oblright.jpg, using zero tensor
2025-08-26 21:01:42,265 - WARNING - Missing image at data/raw/Breast-Thermography-Raw/Benign/IIR0041/IIR0041_oblright.jpg, using zero tensor
2025-08-26 21:01:42,267 - WARNING - Missing image at data/raw/Breast-Thermography-Raw/Benign/IIR0110/IIR0110_oblleft.jpg, using zero tensor
2025-08-26 21:01:42,276 - WARNING - Missing image at data/raw/Breast-Thermography-Raw/Benign/IIR0110/IIR0110_oblright.jpg, using zero tensor
2025-08-26 21:01:42,317 - WARNING - Missing image at data/raw/Breast-Thermography-Raw/Benign/IIR0011/IIR0011_anterior.jpg, using zero tensor
2025-08-26 21:01:42,317 - WARNING - Missing image at data/raw/Breast-Thermography-Raw/Benign/IIR0051/IIR0051_anterior.jpg, using zero tensor
2025-08-26 21:01:42,318 - WARNING - Missing image at data/raw/Breast-Thermography-Raw/Benign/IIR0018/IIR0018_anterior.jpg, using zero tensor
2025-08-26 21:01:42,323 - WARNING - Missing image at data/raw/Breast-Thermography-Raw/Malignant/IIR0100/IIR0100_anterior.jpg, using zero tensor
2025-08-26 21:01:42,327 - WARNING - Missing image at data/raw/Breast-Thermography-Raw/Benign/IIR0011/IIR0011_oblleft.jpg, using zero tensor
2025-08-26 21:01:42,329 - WARNING - Missing image at data/raw/Breast-Thermography-Raw/Benign/IIR0018/IIR0018_oblleft.jpg, using zero tensor
2025-08-26 21:01:42,332 - WARNING - Missing image at data/raw/Breast-Thermography-Raw/Benign/IIR0051/IIR0051_oblleft.jpg, using zero tensor
2025-08-26 21:01:42,337 - WARNING - Missing image at data/raw/Breast-Thermography-Raw/Benign/IIR0011/IIR0011_oblright.jpg, using zero tensor
2025-08-26 21:01:42,337 - WARNING - Missing image at data/raw/Breast-Thermography-Raw/Benign/IIR0018/IIR0018_oblright.jpg, using zero tensor
2025-08-26 21:01:42,337 - WARNING - Missing image at data/raw/Breast-Thermography-Raw/Malignant/IIR0100/IIR0100_oblleft.jpg, using zero tensor
2025-08-26 21:01:42,341 - WARNING - Missing image at data/raw/Breast-Thermography-Raw/Benign/IIR0051/IIR0051_oblright.jpg, using zero tensor
2025-08-26 21:01:42,346 - WARNING - Missing image at data/raw/Breast-Thermography-Raw/Malignant/IIR0100/IIR0100_oblright.jpg, using zero tensor
2025-08-26 21:01:42,346 - WARNING - Missing image at data/raw/Breast-Thermography-Raw/Malignant/IIR0102/IIR0102_anterior.jpg, using zero tensor
2025-08-26 21:01:42,346 - WARNING - Missing image at data/raw/Breast-Thermography-Raw/Benign/IIR0037/IIR0037_anterior.jpg, using zero tensor
2025-08-26 21:01:42,352 - WARNING - Missing image at data/raw/Breast-Thermography-Raw/Benign/IIR0009/IIR0009_anterior.jpg, using zero tensor
2025-08-26 21:01:42,354 - WARNING - Missing image at data/raw/Breast-Thermography-Raw/Benign/IIR0037/IIR0037_oblleft.jpg, using zero tensor
2025-08-26 21:01:42,354 - WARNING - Missing image at data/raw/Breast-Thermography-Raw/Benign/IIR0094/IIR0094_anterior.jpg, using zero tensor
2025-08-26 21:01:42,354 - WARNING - Missing image at data/raw/Breast-Thermography-Raw/Malignant/IIR0102/IIR0102_oblleft.jpg, using zero tensor
2025-08-26 21:01:42,361 - WARNING - Missing image at data/raw/Breast-Thermography-Raw/Benign/IIR0094/IIR0094_oblleft.jpg, using zero tensor
2025-08-26 21:01:42,361 - WARNING - Missing image at data/raw/Breast-Thermography-Raw/Benign/IIR0037/IIR0037_oblright.jpg, using zero tensor
2025-08-26 21:01:42,361 - WARNING - Missing image at data/raw/Breast-Thermography-Raw/Benign/IIR0009/IIR0009_oblleft.jpg, using zero tensor
2025-08-26 21:01:42,363 - WARNING - Missing image at data/raw/Breast-Thermography-Raw/Malignant/IIR0102/IIR0102_oblright.jpg, using zero tensor
2025-08-26 21:01:42,370 - WARNING - Missing image at data/raw/Breast-Thermography-Raw/Benign/IIR0094/IIR0094_oblright.jpg, using zero tensor
2025-08-26 21:01:42,370 - WARNING - Missing image at data/raw/Breast-Thermography-Raw/Benign/IIR0009/IIR0009_oblright.jpg, using zero tensor
2025-08-26 21:01:42,372 - WARNING - Missing image at data/raw/Breast-Thermography-Raw/Benign/IIR0001/IIR0001_anterior.jpg, using zero tensor
2025-08-26 21:01:42,373 - WARNING - Missing image at data/raw/Breast-Thermography-Raw/Benign/IIR0058/IIR0058_anterior.jpg, using zero tensor
2025-08-26 21:01:42,378 - WARNING - Missing image at data/raw/Breast-Thermography-Raw/Benign/IIR0001/IIR0001_oblleft.jpg, using zero tensor
2025-08-26 21:01:42,379 - WARNING - Missing image at data/raw/Breast-Thermography-Raw/Benign/IIR0040/IIR0040_anterior.jpg, using zero tensor
2025-08-26 21:01:42,380 - WARNING - Missing image at data/raw/Breast-Thermography-Raw/Benign/IIR0020/IIR0020_anterior.jpg, using zero tensor
2025-08-26 21:01:42,380 - WARNING - Missing image at data/raw/Breast-Thermography-Raw/Benign/IIR0058/IIR0058_oblleft.jpg, using zero tensor
2025-08-26 21:01:42,386 - WARNING - Missing image at data/raw/Breast-Thermography-Raw/Benign/IIR0001/IIR0001_oblright.jpg, using zero tensor
2025-08-26 21:01:42,388 - WARNING - Missing image at data/raw/Breast-Thermography-Raw/Benign/IIR0058/IIR0058_oblright.jpg, using zero tensor
2025-08-26 21:01:42,388 - WARNING - Missing image at data/raw/Breast-Thermography-Raw/Benign/IIR0040/IIR0040_oblleft.jpg, using zero tensor
2025-08-26 21:01:42,390 - WARNING - Missing image at data/raw/Breast-Thermography-Raw/Benign/IIR0020/IIR0020_oblleft.jpg, using zero tensor
2025-08-26 21:01:42,397 - WARNING - Missing image at data/raw/Breast-Thermography-Raw/Benign/IIR0040/IIR0040_oblright.jpg, using zero tensor
2025-08-26 21:01:42,398 - WARNING - Missing image at data/raw/Breast-Thermography-Raw/Benign/IIR0115/IIR0115_anterior.jpg, using zero tensor
2025-08-26 21:01:42,400 - WARNING - Missing image at data/raw/Breast-Thermography-Raw/Benign/IIR0020/IIR0020_oblright.jpg, using zero tensor
2025-08-26 21:01:42,400 - WARNING - Missing image at data/raw/Breast-Thermography-Raw/Benign/IIR0025/IIR0025_anterior.jpg, using zero tensor
2025-08-26 21:01:42,405 - WARNING - Missing image at data/raw/Breast-Thermography-Raw/Benign/IIR0115/IIR0115_oblleft.jpg, using zero tensor
2025-08-26 21:01:42,409 - WARNING - Missing image at data/raw/Breast-Thermography-Raw/Benign/IIR0064/IIR0064_anterior.jpg, using zero tensor
2025-08-26 21:01:42,410 - WARNING - Missing image at data/raw/Breast-Thermography-Raw/Benign/IIR0025/IIR0025_oblleft.jpg, using zero tensor
2025-08-26 21:01:42,410 - WARNING - Missing image at data/raw/Breast-Thermography-Raw/Malignant/IIR0065/IIR0065_anterior.jpg, using zero tensor
2025-08-26 21:01:42,416 - WARNING - Missing image at data/raw/Breast-Thermography-Raw/Benign/IIR0115/IIR0115_oblright.jpg, using zero tensor
2025-08-26 21:01:42,420 - WARNING - Missing image at data/raw/Breast-Thermography-Raw/Benign/IIR0064/IIR0064_oblleft.jpg, using zero tensor
2025-08-26 21:01:42,422 - WARNING - Missing image at data/raw/Breast-Thermography-Raw/Malignant/IIR0065/IIR0065_oblleft.jpg, using zero tensor
2025-08-26 21:01:42,423 - WARNING - Missing image at data/raw/Breast-Thermography-Raw/Benign/IIR0025/IIR0025_oblright.jpg, using zero tensor
2025-08-26 21:01:42,430 - WARNING - Missing image at data/raw/Breast-Thermography-Raw/Benign/IIR0028/IIR0028_anterior.jpg, using zero tensor
2025-08-26 21:01:42,432 - WARNING - Missing image at data/raw/Breast-Thermography-Raw/Benign/IIR0064/IIR0064_oblright.jpg, using zero tensor
2025-08-26 21:01:42,437 - WARNING - Missing image at data/raw/Breast-Thermography-Raw/Malignant/IIR0065/IIR0065_oblright.jpg, using zero tensor
2025-08-26 21:01:42,438 - WARNING - Missing image at data/raw/Breast-Thermography-Raw/Malignant/IIR0056/IIR0056_anterior.jpg, using zero tensor
2025-08-26 21:01:42,439 - WARNING - Missing image at data/raw/Breast-Thermography-Raw/Benign/IIR0028/IIR0028_oblleft.jpg, using zero tensor
2025-08-26 21:01:42,447 - WARNING - Missing image at data/raw/Breast-Thermography-Raw/Benign/IIR0013/IIR0013_anterior.jpg, using zero tensor
2025-08-26 21:01:42,449 - WARNING - Missing image at data/raw/Breast-Thermography-Raw/Malignant/IIR0081/IIR0081_anterior.jpg, using zero tensor
2025-08-26 21:01:42,449 - WARNING - Missing image at data/raw/Breast-Thermography-Raw/Malignant/IIR0056/IIR0056_oblleft.jpg, using zero tensor
2025-08-26 21:01:42,453 - WARNING - Missing image at data/raw/Breast-Thermography-Raw/Benign/IIR0028/IIR0028_oblright.jpg, using zero tensor
2025-08-26 21:01:42,455 - WARNING - Missing image at data/raw/Breast-Thermography-Raw/Benign/IIR0013/IIR0013_oblleft.jpg, using zero tensor
2025-08-26 21:01:42,456 - WARNING - Missing image at data/raw/Breast-Thermography-Raw/Malignant/IIR0081/IIR0081_oblleft.jpg, using zero tensor
2025-08-26 21:01:42,458 - WARNING - Missing image at data/raw/Breast-Thermography-Raw/Malignant/IIR0056/IIR0056_oblright.jpg, using zero tensor
2025-08-26 21:01:42,461 - WARNING - Missing image at data/raw/Breast-Thermography-Raw/Benign/IIR0013/IIR0013_oblright.jpg, using zero tensor
2025-08-26 21:01:42,464 - WARNING - Missing image at data/raw/Breast-Thermography-Raw/Benign/IIR0029/IIR0029_anterior.jpg, using zero tensor
2025-08-26 21:01:42,464 - WARNING - Missing image at data/raw/Breast-Thermography-Raw/Malignant/IIR0081/IIR0081_oblright.jpg, using zero tensor
2025-08-26 21:01:42,470 - WARNING - Missing image at data/raw/Breast-Thermography-Raw/Benign/IIR0112/IIR0112_anterior.jpg, using zero tensor
2025-08-26 21:01:42,470 - WARNING - Missing image at data/raw/Breast-Thermography-Raw/Benign/IIR0074/IIR0074_anterior.jpg, using zero tensor
2025-08-26 21:01:42,474 - WARNING - Missing image at data/raw/Breast-Thermography-Raw/Benign/IIR0029/IIR0029_oblleft.jpg, using zero tensor
2025-08-26 21:01:42,477 - WARNING - Missing image at data/raw/Breast-Thermography-Raw/Benign/IIR0053/IIR0053_anterior.jpg, using zero tensor
2025-08-26 21:01:42,479 - WARNING - Missing image at data/raw/Breast-Thermography-Raw/Benign/IIR0074/IIR0074_oblleft.jpg, using zero tensor
2025-08-26 21:01:42,481 - WARNING - Missing image at data/raw/Breast-Thermography-Raw/Benign/IIR0029/IIR0029_oblright.jpg, using zero tensor
2025-08-26 21:01:42,481 - WARNING - Missing image at data/raw/Breast-Thermography-Raw/Benign/IIR0112/IIR0112_oblleft.jpg, using zero tensor
2025-08-26 21:01:42,486 - WARNING - Missing image at data/raw/Breast-Thermography-Raw/Benign/IIR0053/IIR0053_oblleft.jpg, using zero tensor
2025-08-26 21:01:42,488 - WARNING - Missing image at data/raw/Breast-Thermography-Raw/Benign/IIR0074/IIR0074_oblright.jpg, using zero tensor
2025-08-26 21:01:42,491 - WARNING - Missing image at data/raw/Breast-Thermography-Raw/Benign/IIR0112/IIR0112_oblright.jpg, using zero tensor
2025-08-26 21:01:42,492 - WARNING - Missing image at data/raw/Breast-Thermography-Raw/Benign/IIR0032/IIR0032_anterior.jpg, using zero tensor
2025-08-26 21:01:42,495 - WARNING - Missing image at data/raw/Breast-Thermography-Raw/Benign/IIR0053/IIR0053_oblright.jpg, using zero tensor
2025-08-26 21:01:42,498 - WARNING - Missing image at data/raw/Breast-Thermography-Raw/Malignant/IIR0035/IIR0035_anterior.jpg, using zero tensor
2025-08-26 21:01:42,503 - WARNING - Missing image at data/raw/Breast-Thermography-Raw/Benign/IIR0032/IIR0032_oblleft.jpg, using zero tensor
2025-08-26 21:01:42,503 - WARNING - Missing image at data/raw/Breast-Thermography-Raw/Malignant/IIR0096/IIR0096_anterior.jpg, using zero tensor
2025-08-26 21:01:42,504 - WARNING - Missing image at data/raw/Breast-Thermography-Raw/Benign/IIR0021/IIR0021_anterior.jpg, using zero tensor
2025-08-26 21:01:42,509 - WARNING - Missing image at data/raw/Breast-Thermography-Raw/Malignant/IIR0035/IIR0035_oblleft.jpg, using zero tensor
2025-08-26 21:01:42,515 - WARNING - Missing image at data/raw/Breast-Thermography-Raw/Benign/IIR0032/IIR0032_oblright.jpg, using zero tensor
2025-08-26 21:01:42,515 - WARNING - Missing image at data/raw/Breast-Thermography-Raw/Benign/IIR0021/IIR0021_oblleft.jpg, using zero tensor
2025-08-26 21:01:42,515 - WARNING - Missing image at data/raw/Breast-Thermography-Raw/Malignant/IIR0096/IIR0096_oblleft.jpg, using zero tensor
2025-08-26 21:01:42,519 - WARNING - Missing image at data/raw/Breast-Thermography-Raw/Malignant/IIR0035/IIR0035_oblright.jpg, using zero tensor
2025-08-26 21:01:42,522 - WARNING - Missing image at data/raw/Breast-Thermography-Raw/Benign/IIR0021/IIR0021_oblright.jpg, using zero tensor
2025-08-26 21:01:42,525 - WARNING - Missing image at data/raw/Breast-Thermography-Raw/Malignant/IIR0098/IIR0098_anterior.jpg, using zero tensor
2025-08-26 21:01:42,529 - WARNING - Missing image at data/raw/Breast-Thermography-Raw/Malignant/IIR0096/IIR0096_oblright.jpg, using zero tensor
2025-08-26 21:01:42,532 - WARNING - Missing image at data/raw/Breast-Thermography-Raw/Benign/IIR0054/IIR0054_anterior.jpg, using zero tensor
2025-08-26 21:01:42,532 - WARNING - Missing image at data/raw/Breast-Thermography-Raw/Benign/IIR0078/IIR0078_anterior.jpg, using zero tensor
2025-08-26 21:01:42,539 - WARNING - Missing image at data/raw/Breast-Thermography-Raw/Malignant/IIR0098/IIR0098_oblleft.jpg, using zero tensor
2025-08-26 21:01:42,540 - WARNING - Missing image at data/raw/Breast-Thermography-Raw/Benign/IIR0054/IIR0054_oblleft.jpg, using zero tensor
2025-08-26 21:01:42,543 - WARNING - Missing image at data/raw/Breast-Thermography-Raw/Malignant/IIR0059/IIR0059_anterior.jpg, using zero tensor
2025-08-26 21:01:42,543 - WARNING - Missing image at data/raw/Breast-Thermography-Raw/Benign/IIR0078/IIR0078_oblleft.jpg, using zero tensor
2025-08-26 21:01:42,548 - WARNING - Missing image at data/raw/Breast-Thermography-Raw/Benign/IIR0054/IIR0054_oblright.jpg, using zero tensor
2025-08-26 21:01:42,550 - WARNING - Missing image at data/raw/Breast-Thermography-Raw/Malignant/IIR0098/IIR0098_oblright.jpg, using zero tensor
2025-08-26 21:01:42,553 - WARNING - Missing image at data/raw/Breast-Thermography-Raw/Benign/IIR0078/IIR0078_oblright.jpg, using zero tensor
2025-08-26 21:01:42,555 - WARNING - Missing image at data/raw/Breast-Thermography-Raw/Malignant/IIR0059/IIR0059_oblleft.jpg, using zero tensor
2025-08-26 21:01:42,567 - WARNING - Missing image at data/raw/Breast-Thermography-Raw/Malignant/IIR0059/IIR0059_oblright.jpg, using zero tensor
2025-08-26 21:01:42,597 - WARNING - Missing image at data/raw/Breast-Thermography-Raw/Benign/IIR0055/IIR0055_anterior.jpg, using zero tensor
2025-08-26 21:01:42,606 - WARNING - Missing image at data/raw/Breast-Thermography-Raw/Benign/IIR0055/IIR0055_oblleft.jpg, using zero tensor
2025-08-26 21:01:42,615 - WARNING - Missing image at data/raw/Breast-Thermography-Raw/Benign/IIR0055/IIR0055_oblright.jpg, using zero tensor
2025-08-26 21:01:42,625 - WARNING - Missing image at data/raw/Breast-Thermography-Raw/Malignant/IIR0030/IIR0030_anterior.jpg, using zero tensor
2025-08-26 21:01:42,634 - WARNING - Missing image at data/raw/Breast-Thermography-Raw/Malignant/IIR0030/IIR0030_oblleft.jpg, using zero tensor
2025-08-26 21:01:42,642 - WARNING - Missing image at data/raw/Breast-Thermography-Raw/Malignant/IIR0030/IIR0030_oblright.jpg, using zero tensor
2025-08-26 21:01:42,651 - WARNING - Missing image at data/raw/Breast-Thermography-Raw/Benign/IIR0012/IIR0012_anterior.jpg, using zero tensor
2025-08-26 21:01:42,658 - WARNING - Missing image at data/raw/Breast-Thermography-Raw/Benign/IIR0012/IIR0012_oblleft.jpg, using zero tensor
2025-08-26 21:01:42,667 - WARNING - Missing image at data/raw/Breast-Thermography-Raw/Benign/IIR0012/IIR0012_oblright.jpg, using zero tensor
2025-08-26 21:01:42,674 - WARNING - Missing image at data/raw/Breast-Thermography-Raw/Benign/IIR0007/IIR0007_anterior.jpg, using zero tensor
2025-08-26 21:01:42,681 - WARNING - Missing image at data/raw/Breast-Thermography-Raw/Benign/IIR0007/IIR0007_oblleft.jpg, using zero tensor
2025-08-26 21:01:42,688 - WARNING - Missing image at data/raw/Breast-Thermography-Raw/Benign/IIR0007/IIR0007_oblright.jpg, using zero tensor
2025-08-26 21:01:42,696 - WARNING - Missing image at data/raw/Breast-Thermography-Raw/Benign/IIR0060/IIR0060_anterior.jpg, using zero tensor
2025-08-26 21:01:42,702 - WARNING - Missing image at data/raw/Breast-Thermography-Raw/Benign/IIR0060/IIR0060_oblleft.jpg, using zero tensor
2025-08-26 21:01:42,710 - WARNING - Missing image at data/raw/Breast-Thermography-Raw/Benign/IIR0060/IIR0060_oblright.jpg, using zero tensor
2025-08-26 21:01:42,716 - WARNING - Missing image at data/raw/Breast-Thermography-Raw/Malignant/IIR0089/IIR0089_anterior.jpg, using zero tensor
2025-08-26 21:01:42,723 - WARNING - Missing image at data/raw/Breast-Thermography-Raw/Malignant/IIR0089/IIR0089_oblleft.jpg, using zero tensor
2025-08-26 21:01:42,730 - WARNING - Missing image at data/raw/Breast-Thermography-Raw/Malignant/IIR0089/IIR0089_oblright.jpg, using zero tensor
2025-08-26 21:01:42,738 - WARNING - Missing image at data/raw/Breast-Thermography-Raw/Malignant/IIR0050/IIR0050_anterior.jpg, using zero tensor
2025-08-26 21:01:42,747 - WARNING - Missing image at data/raw/Breast-Thermography-Raw/Malignant/IIR0050/IIR0050_oblleft.jpg, using zero tensor
2025-08-26 21:01:42,754 - WARNING - Missing image at data/raw/Breast-Thermography-Raw/Malignant/IIR0050/IIR0050_oblright.jpg, using zero tensor
2025-08-26 21:01:42,765 - WARNING - Missing image at data/raw/Breast-Thermography-Raw/Malignant/IIR0085/IIR0085_anterior.jpg, using zero tensor
2025-08-26 21:01:42,772 - WARNING - Missing image at data/raw/Breast-Thermography-Raw/Malignant/IIR0085/IIR0085_oblleft.jpg, using zero tensor
2025-08-26 21:01:42,780 - WARNING - Missing image at data/raw/Breast-Thermography-Raw/Malignant/IIR0085/IIR0085_oblright.jpg, using zero tensor
