2025-08-26 21:03:48,367 - INFO - Loading pretrained weights from Hugging Face hub (timm/resnet18.a1_in1k)
2025-08-26 21:03:49,077 - INFO - [timm/resnet18.a1_in1k] Safe alternative available for 'pytorch_model.bin' (as 'model.safetensors'). Loading weights using safetensors.
2025-08-26 21:03:49,770 - INFO - Model parameters: {'total': 16145862, 'trainable': 16145862, 'non_trainable': 0}
2025-08-26 21:03:52,056 - INFO - Class distribution: {1: 84, 2: 35}
2025-08-26 21:03:52,058 - INFO - Using effective class weights: [0.5983625054359436, 1.4016374349594116]
2025-08-26 21:03:52,113 - INFO - Class distribution: {1: 84, 2: 35}
2025-08-26 21:03:52,115 - INFO - Using effective class weights: [0.5983625054359436, 1.4016374349594116]
2025-08-26 21:04:04,600 - WARNING - Missing image at data/raw/Breast-Thermography-Raw/Benign/IIR0115/IIR0115_anterior.jpg, using zero tensor
2025-08-26 21:04:04,600 - WARNING - Missing image at data/raw/Breast-Thermography-Raw/Malignant/IIR0030/IIR0030_anterior.jpg, using zero tensor
2025-08-26 21:04:04,642 - WARNING - Missing image at data/raw/Breast-Thermography-Raw/Benign/IIR0041/IIR0041_anterior.jpg, using zero tensor
2025-08-26 21:04:04,653 - WARNING - Missing image at data/raw/Breast-Thermography-Raw/Malignant/IIR0101/IIR0101_anterior.jpg, using zero tensor
2025-08-26 21:04:04,660 - WARNING - Missing image at data/raw/Breast-Thermography-Raw/Malignant/IIR0030/IIR0030_oblleft.jpg, using zero tensor
2025-08-26 21:04:04,669 - WARNING - Missing image at data/raw/Breast-Thermography-Raw/Benign/IIR0115/IIR0115_oblleft.jpg, using zero tensor
2025-08-26 21:04:04,671 - WARNING - Missing image at data/raw/Breast-Thermography-Raw/Benign/IIR0041/IIR0041_oblleft.jpg, using zero tensor
2025-08-26 21:04:04,673 - WARNING - Missing image at data/raw/Breast-Thermography-Raw/Malignant/IIR0030/IIR0030_oblright.jpg, using zero tensor
2025-08-26 21:04:04,683 - WARNING - Missing image at data/raw/Breast-Thermography-Raw/Benign/IIR0115/IIR0115_oblright.jpg, using zero tensor
2025-08-26 21:04:04,683 - WARNING - Missing image at data/raw/Breast-Thermography-Raw/Benign/IIR0041/IIR0041_oblright.jpg, using zero tensor
2025-08-26 21:04:04,689 - WARNING - Missing image at data/raw/Breast-Thermography-Raw/Malignant/IIR0101/IIR0101_oblleft.jpg, using zero tensor
2025-08-26 21:04:04,696 - WARNING - Missing image at data/raw/Breast-Thermography-Raw/Benign/IIR0034/IIR0034_anterior.jpg, using zero tensor
2025-08-26 21:04:04,696 - WARNING - Missing image at data/raw/Breast-Thermography-Raw/Malignant/IIR0085/IIR0085_anterior.jpg, using zero tensor
2025-08-26 21:04:04,698 - WARNING - Missing image at data/raw/Breast-Thermography-Raw/Malignant/IIR0101/IIR0101_oblright.jpg, using zero tensor
2025-08-26 21:04:04,699 - WARNING - Missing image at data/raw/Breast-Thermography-Raw/Benign/IIR0076/IIR0076_anterior.jpg, using zero tensor
2025-08-26 21:04:04,703 - WARNING - Missing image at data/raw/Breast-Thermography-Raw/Benign/IIR0034/IIR0034_oblleft.jpg, using zero tensor
2025-08-26 21:04:04,706 - WARNING - Missing image at data/raw/Breast-Thermography-Raw/Malignant/IIR0085/IIR0085_oblleft.jpg, using zero tensor
2025-08-26 21:04:04,709 - WARNING - Missing image at data/raw/Breast-Thermography-Raw/Benign/IIR0034/IIR0034_oblright.jpg, using zero tensor
2025-08-26 21:04:04,711 - WARNING - Missing image at data/raw/Breast-Thermography-Raw/Benign/IIR0076/IIR0076_oblleft.jpg, using zero tensor
2025-08-26 21:04:04,712 - WARNING - Missing image at data/raw/Breast-Thermography-Raw/Malignant/IIR0069/IIR0069_anterior.jpg, using zero tensor
2025-08-26 21:04:04,714 - WARNING - Missing image at data/raw/Breast-Thermography-Raw/Malignant/IIR0085/IIR0085_oblright.jpg, using zero tensor
2025-08-26 21:04:04,720 - WARNING - Missing image at data/raw/Breast-Thermography-Raw/Malignant/IIR0104/IIR0104_anterior.jpg, using zero tensor
2025-08-26 21:04:04,720 - WARNING - Missing image at data/raw/Breast-Thermography-Raw/Benign/IIR0076/IIR0076_oblright.jpg, using zero tensor
2025-08-26 21:04:04,723 - WARNING - Missing image at data/raw/Breast-Thermography-Raw/Malignant/IIR0069/IIR0069_oblleft.jpg, using zero tensor
2025-08-26 21:04:04,733 - WARNING - Missing image at data/raw/Breast-Thermography-Raw/Benign/IIR0039/IIR0039_anterior.jpg, using zero tensor
2025-08-26 21:04:04,733 - WARNING - Missing image at data/raw/Breast-Thermography-Raw/Malignant/IIR0104/IIR0104_oblleft.jpg, using zero tensor
2025-08-26 21:04:04,738 - WARNING - Missing image at data/raw/Breast-Thermography-Raw/Benign/IIR0004/IIR0004_anterior.jpg, using zero tensor
2025-08-26 21:04:04,738 - WARNING - Missing image at data/raw/Breast-Thermography-Raw/Malignant/IIR0069/IIR0069_oblright.jpg, using zero tensor
2025-08-26 21:04:04,745 - WARNING - Missing image at data/raw/Breast-Thermography-Raw/Benign/IIR0039/IIR0039_oblleft.jpg, using zero tensor
2025-08-26 21:04:04,749 - WARNING - Missing image at data/raw/Breast-Thermography-Raw/Benign/IIR0004/IIR0004_oblleft.jpg, using zero tensor
2025-08-26 21:04:04,751 - WARNING - Missing image at data/raw/Breast-Thermography-Raw/Malignant/IIR0104/IIR0104_oblright.jpg, using zero tensor
2025-08-26 21:04:04,751 - WARNING - Missing image at data/raw/Breast-Thermography-Raw/Benign/IIR0039/IIR0039_oblright.jpg, using zero tensor
2025-08-26 21:04:04,752 - WARNING - Missing image at data/raw/Breast-Thermography-Raw/Benign/IIR0079/IIR0079_anterior.jpg, using zero tensor
2025-08-26 21:04:04,756 - WARNING - Missing image at data/raw/Breast-Thermography-Raw/Benign/IIR0004/IIR0004_oblright.jpg, using zero tensor
2025-08-26 21:04:04,762 - WARNING - Missing image at data/raw/Breast-Thermography-Raw/Benign/IIR0013/IIR0013_anterior.jpg, using zero tensor
2025-08-26 21:04:04,765 - WARNING - Missing image at data/raw/Breast-Thermography-Raw/Benign/IIR0042/IIR0042_anterior.jpg, using zero tensor
2025-08-26 21:04:04,765 - WARNING - Missing image at data/raw/Breast-Thermography-Raw/Benign/IIR0079/IIR0079_oblleft.jpg, using zero tensor
2025-08-26 21:04:04,767 - WARNING - Missing image at data/raw/Breast-Thermography-Raw/Benign/IIR0017/IIR0017_anterior.jpg, using zero tensor
2025-08-26 21:04:04,771 - WARNING - Missing image at data/raw/Breast-Thermography-Raw/Benign/IIR0079/IIR0079_oblright.jpg, using zero tensor
2025-08-26 21:04:04,772 - WARNING - Missing image at data/raw/Breast-Thermography-Raw/Benign/IIR0013/IIR0013_oblleft.jpg, using zero tensor
2025-08-26 21:04:04,774 - WARNING - Missing image at data/raw/Breast-Thermography-Raw/Benign/IIR0042/IIR0042_oblleft.jpg, using zero tensor
2025-08-26 21:04:04,775 - WARNING - Missing image at data/raw/Breast-Thermography-Raw/Benign/IIR0017/IIR0017_oblleft.jpg, using zero tensor
2025-08-26 21:04:04,778 - WARNING - Missing image at data/raw/Breast-Thermography-Raw/Benign/IIR0013/IIR0013_oblright.jpg, using zero tensor
2025-08-26 21:04:04,780 - WARNING - Missing image at data/raw/Breast-Thermography-Raw/Benign/IIR0042/IIR0042_oblright.jpg, using zero tensor
2025-08-26 21:04:04,781 - WARNING - Missing image at data/raw/Breast-Thermography-Raw/Benign/IIR0017/IIR0017_oblright.jpg, using zero tensor
2025-08-26 21:04:04,784 - WARNING - Missing image at data/raw/Breast-Thermography-Raw/Benign/IIR0064/IIR0064_anterior.jpg, using zero tensor
2025-08-26 21:04:04,787 - WARNING - Missing image at data/raw/Breast-Thermography-Raw/Benign/IIR0021/IIR0021_anterior.jpg, using zero tensor
2025-08-26 21:04:04,790 - WARNING - Missing image at data/raw/Breast-Thermography-Raw/Benign/IIR0091/IIR0091_anterior.jpg, using zero tensor
2025-08-26 21:04:04,791 - WARNING - Missing image at data/raw/Breast-Thermography-Raw/Benign/IIR0064/IIR0064_oblleft.jpg, using zero tensor
2025-08-26 21:04:04,792 - WARNING - Missing image at data/raw/Breast-Thermography-Raw/Benign/IIR0114/IIR0114_anterior.jpg, using zero tensor
2025-08-26 21:04:04,795 - WARNING - Missing image at data/raw/Breast-Thermography-Raw/Benign/IIR0021/IIR0021_oblleft.jpg, using zero tensor
2025-08-26 21:04:04,796 - WARNING - Missing image at data/raw/Breast-Thermography-Raw/Benign/IIR0091/IIR0091_oblleft.jpg, using zero tensor
2025-08-26 21:04:04,797 - WARNING - Missing image at data/raw/Breast-Thermography-Raw/Benign/IIR0064/IIR0064_oblright.jpg, using zero tensor
2025-08-26 21:04:04,799 - WARNING - Missing image at data/raw/Breast-Thermography-Raw/Benign/IIR0114/IIR0114_oblleft.jpg, using zero tensor
2025-08-26 21:04:04,802 - WARNING - Missing image at data/raw/Breast-Thermography-Raw/Benign/IIR0021/IIR0021_oblright.jpg, using zero tensor
2025-08-26 21:04:04,805 - WARNING - Missing image at data/raw/Breast-Thermography-Raw/Benign/IIR0091/IIR0091_oblright.jpg, using zero tensor
2025-08-26 21:04:04,809 - WARNING - Missing image at data/raw/Breast-Thermography-Raw/Benign/IIR0114/IIR0114_oblright.jpg, using zero tensor
2025-08-26 21:04:04,813 - WARNING - Missing image at data/raw/Breast-Thermography-Raw/Benign/IIR0005/IIR0005_anterior.jpg, using zero tensor
2025-08-26 21:04:04,817 - WARNING - Missing image at data/raw/Breast-Thermography-Raw/Benign/IIR0006/IIR0006_anterior.jpg, using zero tensor
2025-08-26 21:04:04,818 - WARNING - Missing image at data/raw/Breast-Thermography-Raw/Malignant/IIR0036/IIR0036_anterior.jpg, using zero tensor
2025-08-26 21:04:04,820 - WARNING - Missing image at data/raw/Breast-Thermography-Raw/Benign/IIR0066/IIR0066_anterior.jpg, using zero tensor
2025-08-26 21:04:04,821 - WARNING - Missing image at data/raw/Breast-Thermography-Raw/Benign/IIR0005/IIR0005_oblleft.jpg, using zero tensor
2025-08-26 21:04:04,827 - WARNING - Missing image at data/raw/Breast-Thermography-Raw/Benign/IIR0005/IIR0005_oblright.jpg, using zero tensor
2025-08-26 21:04:04,827 - WARNING - Missing image at data/raw/Breast-Thermography-Raw/Benign/IIR0006/IIR0006_oblleft.jpg, using zero tensor
2025-08-26 21:04:04,828 - WARNING - Missing image at data/raw/Breast-Thermography-Raw/Malignant/IIR0036/IIR0036_oblleft.jpg, using zero tensor
2025-08-26 21:04:04,829 - WARNING - Missing image at data/raw/Breast-Thermography-Raw/Benign/IIR0066/IIR0066_oblleft.jpg, using zero tensor
2025-08-26 21:04:04,836 - WARNING - Missing image at data/raw/Breast-Thermography-Raw/Benign/IIR0006/IIR0006_oblright.jpg, using zero tensor
2025-08-26 21:04:04,836 - WARNING - Missing image at data/raw/Breast-Thermography-Raw/Benign/IIR0066/IIR0066_oblright.jpg, using zero tensor
2025-08-26 21:04:04,838 - WARNING - Missing image at data/raw/Breast-Thermography-Raw/Malignant/IIR0036/IIR0036_oblright.jpg, using zero tensor
2025-08-26 21:04:04,839 - WARNING - Missing image at data/raw/Breast-Thermography-Raw/Malignant/IIR0119/IIR0119_anterior.jpg, using zero tensor
2025-08-26 21:04:04,846 - WARNING - Missing image at data/raw/Breast-Thermography-Raw/Benign/IIR0010/IIR0010_anterior.jpg, using zero tensor
2025-08-26 21:04:04,849 - WARNING - Missing image at data/raw/Breast-Thermography-Raw/Malignant/IIR0119/IIR0119_oblleft.jpg, using zero tensor
2025-08-26 21:04:04,849 - WARNING - Missing image at data/raw/Breast-Thermography-Raw/Benign/IIR0040/IIR0040_anterior.jpg, using zero tensor
2025-08-26 21:04:04,853 - WARNING - Missing image at data/raw/Breast-Thermography-Raw/Benign/IIR0075/IIR0075_anterior.jpg, using zero tensor
2025-08-26 21:04:04,856 - WARNING - Missing image at data/raw/Breast-Thermography-Raw/Benign/IIR0010/IIR0010_oblleft.jpg, using zero tensor
2025-08-26 21:04:04,859 - WARNING - Missing image at data/raw/Breast-Thermography-Raw/Benign/IIR0040/IIR0040_oblleft.jpg, using zero tensor
2025-08-26 21:04:04,859 - WARNING - Missing image at data/raw/Breast-Thermography-Raw/Malignant/IIR0119/IIR0119_oblright.jpg, using zero tensor
2025-08-26 21:04:04,867 - WARNING - Missing image at data/raw/Breast-Thermography-Raw/Benign/IIR0010/IIR0010_oblright.jpg, using zero tensor
2025-08-26 21:04:04,867 - WARNING - Missing image at data/raw/Breast-Thermography-Raw/Benign/IIR0040/IIR0040_oblright.jpg, using zero tensor
2025-08-26 21:04:04,868 - WARNING - Missing image at data/raw/Breast-Thermography-Raw/Benign/IIR0075/IIR0075_oblleft.jpg, using zero tensor
2025-08-26 21:04:04,872 - WARNING - Missing image at data/raw/Breast-Thermography-Raw/Malignant/IIR0052/IIR0052_anterior.jpg, using zero tensor
2025-08-26 21:04:04,876 - WARNING - Missing image at data/raw/Breast-Thermography-Raw/Benign/IIR0075/IIR0075_oblright.jpg, using zero tensor
2025-08-26 21:04:04,879 - WARNING - Missing image at data/raw/Breast-Thermography-Raw/Benign/IIR0083/IIR0083_anterior.jpg, using zero tensor
2025-08-26 21:04:04,879 - WARNING - Missing image at data/raw/Breast-Thermography-Raw/Benign/IIR0110/IIR0110_anterior.jpg, using zero tensor
2025-08-26 21:04:04,879 - WARNING - Missing image at data/raw/Breast-Thermography-Raw/Malignant/IIR0052/IIR0052_oblleft.jpg, using zero tensor
2025-08-26 21:04:04,885 - WARNING - Missing image at data/raw/Breast-Thermography-Raw/Benign/IIR0067/IIR0067_anterior.jpg, using zero tensor
2025-08-26 21:04:04,886 - WARNING - Missing image at data/raw/Breast-Thermography-Raw/Benign/IIR0083/IIR0083_oblleft.jpg, using zero tensor
2025-08-26 21:04:04,891 - WARNING - Missing image at data/raw/Breast-Thermography-Raw/Benign/IIR0067/IIR0067_oblleft.jpg, using zero tensor
2025-08-26 21:04:04,891 - WARNING - Missing image at data/raw/Breast-Thermography-Raw/Malignant/IIR0052/IIR0052_oblright.jpg, using zero tensor
2025-08-26 21:04:04,891 - WARNING - Missing image at data/raw/Breast-Thermography-Raw/Benign/IIR0110/IIR0110_oblleft.jpg, using zero tensor
2025-08-26 21:04:04,898 - WARNING - Missing image at data/raw/Breast-Thermography-Raw/Benign/IIR0067/IIR0067_oblright.jpg, using zero tensor
2025-08-26 21:04:04,898 - WARNING - Missing image at data/raw/Breast-Thermography-Raw/Benign/IIR0083/IIR0083_oblright.jpg, using zero tensor
2025-08-26 21:04:04,899 - WARNING - Missing image at data/raw/Breast-Thermography-Raw/Benign/IIR0110/IIR0110_oblright.jpg, using zero tensor
2025-08-26 21:04:04,904 - WARNING - Missing image at data/raw/Breast-Thermography-Raw/Malignant/IIR0089/IIR0089_anterior.jpg, using zero tensor
2025-08-26 21:04:04,919 - WARNING - Missing image at data/raw/Breast-Thermography-Raw/Malignant/IIR0089/IIR0089_oblleft.jpg, using zero tensor
2025-08-26 21:04:04,928 - WARNING - Missing image at data/raw/Breast-Thermography-Raw/Malignant/IIR0089/IIR0089_oblright.jpg, using zero tensor
2025-08-26 21:04:04,958 - WARNING - Missing image at data/raw/Breast-Thermography-Raw/Benign/IIR0020/IIR0020_anterior.jpg, using zero tensor
2025-08-26 21:04:04,964 - WARNING - Missing image at data/raw/Breast-Thermography-Raw/Malignant/IIR0059/IIR0059_anterior.jpg, using zero tensor
2025-08-26 21:04:04,965 - WARNING - Missing image at data/raw/Breast-Thermography-Raw/Malignant/IIR0096/IIR0096_anterior.jpg, using zero tensor
2025-08-26 21:04:04,968 - WARNING - Missing image at data/raw/Breast-Thermography-Raw/Benign/IIR0020/IIR0020_oblleft.jpg, using zero tensor
2025-08-26 21:04:04,975 - WARNING - Missing image at data/raw/Breast-Thermography-Raw/Malignant/IIR0096/IIR0096_oblleft.jpg, using zero tensor
2025-08-26 21:04:04,975 - WARNING - Missing image at data/raw/Breast-Thermography-Raw/Malignant/IIR0059/IIR0059_oblleft.jpg, using zero tensor
2025-08-26 21:04:04,986 - WARNING - Missing image at data/raw/Breast-Thermography-Raw/Malignant/IIR0096/IIR0096_oblright.jpg, using zero tensor
2025-08-26 21:04:04,987 - WARNING - Missing image at data/raw/Breast-Thermography-Raw/Malignant/IIR0059/IIR0059_oblright.jpg, using zero tensor
2025-08-26 21:04:04,987 - WARNING - Missing image at data/raw/Breast-Thermography-Raw/Malignant/IIR0035/IIR0035_anterior.jpg, using zero tensor
2025-08-26 21:04:04,992 - WARNING - Missing image at data/raw/Breast-Thermography-Raw/Benign/IIR0020/IIR0020_oblright.jpg, using zero tensor
2025-08-26 21:04:04,999 - WARNING - Missing image at data/raw/Breast-Thermography-Raw/Malignant/IIR0046/IIR0046_anterior.jpg, using zero tensor
2025-08-26 21:04:04,999 - WARNING - Missing image at data/raw/Breast-Thermography-Raw/Malignant/IIR0035/IIR0035_oblleft.jpg, using zero tensor
2025-08-26 21:04:04,999 - WARNING - Missing image at data/raw/Breast-Thermography-Raw/Benign/IIR0061/IIR0061_anterior.jpg, using zero tensor
2025-08-26 21:04:05,003 - WARNING - Missing image at data/raw/Breast-Thermography-Raw/Malignant/IIR0056/IIR0056_anterior.jpg, using zero tensor
2025-08-26 21:04:05,006 - WARNING - Missing image at data/raw/Breast-Thermography-Raw/Benign/IIR0061/IIR0061_oblleft.jpg, using zero tensor
2025-08-26 21:04:05,010 - WARNING - Missing image at data/raw/Breast-Thermography-Raw/Malignant/IIR0035/IIR0035_oblright.jpg, using zero tensor
2025-08-26 21:04:05,010 - WARNING - Missing image at data/raw/Breast-Thermography-Raw/Malignant/IIR0046/IIR0046_oblleft.jpg, using zero tensor
2025-08-26 21:04:05,010 - WARNING - Missing image at data/raw/Breast-Thermography-Raw/Malignant/IIR0056/IIR0056_oblleft.jpg, using zero tensor
2025-08-26 21:04:05,016 - WARNING - Missing image at data/raw/Breast-Thermography-Raw/Benign/IIR0061/IIR0061_oblright.jpg, using zero tensor
2025-08-26 21:04:05,018 - WARNING - Missing image at data/raw/Breast-Thermography-Raw/Malignant/IIR0056/IIR0056_oblright.jpg, using zero tensor
2025-08-26 21:04:05,018 - WARNING - Missing image at data/raw/Breast-Thermography-Raw/Malignant/IIR0046/IIR0046_oblright.jpg, using zero tensor
2025-08-26 21:04:05,022 - WARNING - Missing image at data/raw/Breast-Thermography-Raw/Benign/IIR0057/IIR0057_anterior.jpg, using zero tensor
2025-08-26 21:04:05,028 - WARNING - Missing image at data/raw/Breast-Thermography-Raw/Benign/IIR0025/IIR0025_anterior.jpg, using zero tensor
2025-08-26 21:04:05,029 - WARNING - Missing image at data/raw/Breast-Thermography-Raw/Benign/IIR0051/IIR0051_anterior.jpg, using zero tensor
2025-08-26 21:04:05,029 - WARNING - Missing image at data/raw/Breast-Thermography-Raw/Benign/IIR0094/IIR0094_anterior.jpg, using zero tensor
2025-08-26 21:04:05,031 - WARNING - Missing image at data/raw/Breast-Thermography-Raw/Benign/IIR0057/IIR0057_oblleft.jpg, using zero tensor
2025-08-26 21:04:05,034 - WARNING - Missing image at data/raw/Breast-Thermography-Raw/Benign/IIR0025/IIR0025_oblleft.jpg, using zero tensor
2025-08-26 21:04:05,035 - WARNING - Missing image at data/raw/Breast-Thermography-Raw/Benign/IIR0094/IIR0094_oblleft.jpg, using zero tensor
2025-08-26 21:04:05,036 - WARNING - Missing image at data/raw/Breast-Thermography-Raw/Benign/IIR0051/IIR0051_oblleft.jpg, using zero tensor
2025-08-26 21:04:05,038 - WARNING - Missing image at data/raw/Breast-Thermography-Raw/Benign/IIR0057/IIR0057_oblright.jpg, using zero tensor
2025-08-26 21:04:05,042 - WARNING - Missing image at data/raw/Breast-Thermography-Raw/Benign/IIR0094/IIR0094_oblright.jpg, using zero tensor
2025-08-26 21:04:05,043 - WARNING - Missing image at data/raw/Breast-Thermography-Raw/Benign/IIR0025/IIR0025_oblright.jpg, using zero tensor
2025-08-26 21:04:05,043 - WARNING - Missing image at data/raw/Breast-Thermography-Raw/Benign/IIR0051/IIR0051_oblright.jpg, using zero tensor
2025-08-26 21:04:05,045 - WARNING - Missing image at data/raw/Breast-Thermography-Raw/Benign/IIR0117/IIR0117_anterior.jpg, using zero tensor
2025-08-26 21:04:05,051 - WARNING - Missing image at data/raw/Breast-Thermography-Raw/Benign/IIR0118/IIR0118_anterior.jpg, using zero tensor
2025-08-26 21:04:05,051 - WARNING - Missing image at data/raw/Breast-Thermography-Raw/Benign/IIR0047/IIR0047_anterior.jpg, using zero tensor
2025-08-26 21:04:05,052 - WARNING - Missing image at data/raw/Breast-Thermography-Raw/Benign/IIR0088/IIR0088_anterior.jpg, using zero tensor
2025-08-26 21:04:05,056 - WARNING - Missing image at data/raw/Breast-Thermography-Raw/Benign/IIR0117/IIR0117_oblleft.jpg, using zero tensor
2025-08-26 21:04:05,060 - WARNING - Missing image at data/raw/Breast-Thermography-Raw/Benign/IIR0118/IIR0118_oblleft.jpg, using zero tensor
2025-08-26 21:04:05,061 - WARNING - Missing image at data/raw/Breast-Thermography-Raw/Benign/IIR0088/IIR0088_oblleft.jpg, using zero tensor
2025-08-26 21:04:05,061 - WARNING - Missing image at data/raw/Breast-Thermography-Raw/Benign/IIR0047/IIR0047_oblleft.jpg, using zero tensor
2025-08-26 21:04:05,069 - WARNING - Missing image at data/raw/Breast-Thermography-Raw/Benign/IIR0117/IIR0117_oblright.jpg, using zero tensor
2025-08-26 21:04:05,072 - WARNING - Missing image at data/raw/Breast-Thermography-Raw/Benign/IIR0088/IIR0088_oblright.jpg, using zero tensor
2025-08-26 21:04:05,072 - WARNING - Missing image at data/raw/Breast-Thermography-Raw/Benign/IIR0047/IIR0047_oblright.jpg, using zero tensor
2025-08-26 21:04:05,073 - WARNING - Missing image at data/raw/Breast-Thermography-Raw/Benign/IIR0118/IIR0118_oblright.jpg, using zero tensor
2025-08-26 21:04:05,081 - WARNING - Missing image at data/raw/Breast-Thermography-Raw/Benign/IIR0103/IIR0103_anterior.jpg, using zero tensor
2025-08-26 21:04:05,081 - WARNING - Missing image at data/raw/Breast-Thermography-Raw/Benign/IIR0011/IIR0011_anterior.jpg, using zero tensor
2025-08-26 21:04:05,082 - WARNING - Missing image at data/raw/Breast-Thermography-Raw/Malignant/IIR0071/IIR0071_anterior.jpg, using zero tensor
2025-08-26 21:04:05,083 - WARNING - Missing image at data/raw/Breast-Thermography-Raw/Benign/IIR0058/IIR0058_anterior.jpg, using zero tensor
2025-08-26 21:04:05,088 - WARNING - Missing image at data/raw/Breast-Thermography-Raw/Benign/IIR0103/IIR0103_oblleft.jpg, using zero tensor
2025-08-26 21:04:05,091 - WARNING - Missing image at data/raw/Breast-Thermography-Raw/Malignant/IIR0071/IIR0071_oblleft.jpg, using zero tensor
2025-08-26 21:04:05,091 - WARNING - Missing image at data/raw/Breast-Thermography-Raw/Benign/IIR0058/IIR0058_oblleft.jpg, using zero tensor
2025-08-26 21:04:05,099 - WARNING - Missing image at data/raw/Breast-Thermography-Raw/Benign/IIR0058/IIR0058_oblright.jpg, using zero tensor
2025-08-26 21:04:05,099 - WARNING - Missing image at data/raw/Breast-Thermography-Raw/Benign/IIR0103/IIR0103_oblright.jpg, using zero tensor
2025-08-26 21:04:05,099 - WARNING - Missing image at data/raw/Breast-Thermography-Raw/Benign/IIR0011/IIR0011_oblleft.jpg, using zero tensor
2025-08-26 21:04:05,100 - WARNING - Missing image at data/raw/Breast-Thermography-Raw/Malignant/IIR0071/IIR0071_oblright.jpg, using zero tensor
2025-08-26 21:04:05,110 - WARNING - Missing image at data/raw/Breast-Thermography-Raw/Benign/IIR0011/IIR0011_oblright.jpg, using zero tensor
2025-08-26 21:04:05,114 - WARNING - Missing image at data/raw/Breast-Thermography-Raw/Benign/IIR0008/IIR0008_anterior.jpg, using zero tensor
2025-08-26 21:04:05,114 - WARNING - Missing image at data/raw/Breast-Thermography-Raw/Malignant/IIR0038/IIR0038_anterior.jpg, using zero tensor
2025-08-26 21:04:05,116 - WARNING - Missing image at data/raw/Breast-Thermography-Raw/Benign/IIR0037/IIR0037_anterior.jpg, using zero tensor
2025-08-26 21:04:05,125 - WARNING - Missing image at data/raw/Breast-Thermography-Raw/Benign/IIR0077/IIR0077_anterior.jpg, using zero tensor
2025-08-26 21:04:05,126 - WARNING - Missing image at data/raw/Breast-Thermography-Raw/Benign/IIR0037/IIR0037_oblleft.jpg, using zero tensor
2025-08-26 21:04:05,126 - WARNING - Missing image at data/raw/Breast-Thermography-Raw/Benign/IIR0008/IIR0008_oblleft.jpg, using zero tensor
2025-08-26 21:04:05,126 - WARNING - Missing image at data/raw/Breast-Thermography-Raw/Malignant/IIR0038/IIR0038_oblleft.jpg, using zero tensor
2025-08-26 21:04:05,132 - WARNING - Missing image at data/raw/Breast-Thermography-Raw/Benign/IIR0008/IIR0008_oblright.jpg, using zero tensor
2025-08-26 21:04:05,133 - WARNING - Missing image at data/raw/Breast-Thermography-Raw/Benign/IIR0037/IIR0037_oblright.jpg, using zero tensor
2025-08-26 21:04:05,133 - WARNING - Missing image at data/raw/Breast-Thermography-Raw/Benign/IIR0077/IIR0077_oblleft.jpg, using zero tensor
2025-08-26 21:04:05,136 - WARNING - Missing image at data/raw/Breast-Thermography-Raw/Malignant/IIR0038/IIR0038_oblright.jpg, using zero tensor
2025-08-26 21:04:05,141 - WARNING - Missing image at data/raw/Breast-Thermography-Raw/Benign/IIR0055/IIR0055_anterior.jpg, using zero tensor
2025-08-26 21:04:05,142 - WARNING - Missing image at data/raw/Breast-Thermography-Raw/Benign/IIR0077/IIR0077_oblright.jpg, using zero tensor
2025-08-26 21:04:05,142 - WARNING - Missing image at data/raw/Breast-Thermography-Raw/Benign/IIR0111/IIR0111_anterior.jpg, using zero tensor
2025-08-26 21:04:05,149 - WARNING - Missing image at data/raw/Breast-Thermography-Raw/Benign/IIR0049/IIR0049_anterior.jpg, using zero tensor
2025-08-26 21:04:05,155 - WARNING - Missing image at data/raw/Breast-Thermography-Raw/Benign/IIR0055/IIR0055_oblleft.jpg, using zero tensor
2025-08-26 21:04:05,156 - WARNING - Missing image at data/raw/Breast-Thermography-Raw/Malignant/IIR0050/IIR0050_anterior.jpg, using zero tensor
2025-08-26 21:04:05,156 - WARNING - Missing image at data/raw/Breast-Thermography-Raw/Benign/IIR0111/IIR0111_oblleft.jpg, using zero tensor
2025-08-26 21:04:05,164 - WARNING - Missing image at data/raw/Breast-Thermography-Raw/Benign/IIR0049/IIR0049_oblleft.jpg, using zero tensor
2025-08-26 21:04:05,164 - WARNING - Missing image at data/raw/Breast-Thermography-Raw/Benign/IIR0055/IIR0055_oblright.jpg, using zero tensor
2025-08-26 21:04:05,164 - WARNING - Missing image at data/raw/Breast-Thermography-Raw/Benign/IIR0111/IIR0111_oblright.jpg, using zero tensor
2025-08-26 21:04:05,167 - WARNING - Missing image at data/raw/Breast-Thermography-Raw/Malignant/IIR0050/IIR0050_oblleft.jpg, using zero tensor
2025-08-26 21:04:05,171 - WARNING - Missing image at data/raw/Breast-Thermography-Raw/Benign/IIR0049/IIR0049_oblright.jpg, using zero tensor
2025-08-26 21:04:05,173 - WARNING - Missing image at data/raw/Breast-Thermography-Raw/Benign/IIR0031/IIR0031_anterior.jpg, using zero tensor
2025-08-26 21:04:05,173 - WARNING - Missing image at data/raw/Breast-Thermography-Raw/Benign/IIR0116/IIR0116_anterior.jpg, using zero tensor
2025-08-26 21:04:05,174 - WARNING - Missing image at data/raw/Breast-Thermography-Raw/Malignant/IIR0050/IIR0050_oblright.jpg, using zero tensor
2025-08-26 21:04:05,180 - WARNING - Missing image at data/raw/Breast-Thermography-Raw/Benign/IIR0116/IIR0116_oblleft.jpg, using zero tensor
2025-08-26 21:04:05,180 - WARNING - Missing image at data/raw/Breast-Thermography-Raw/Benign/IIR0009/IIR0009_anterior.jpg, using zero tensor
2025-08-26 21:04:05,182 - WARNING - Missing image at data/raw/Breast-Thermography-Raw/Benign/IIR0031/IIR0031_oblleft.jpg, using zero tensor
2025-08-26 21:04:05,184 - WARNING - Missing image at data/raw/Breast-Thermography-Raw/Benign/IIR0078/IIR0078_anterior.jpg, using zero tensor
2025-08-26 21:04:05,191 - WARNING - Missing image at data/raw/Breast-Thermography-Raw/Benign/IIR0116/IIR0116_oblright.jpg, using zero tensor
2025-08-26 21:04:05,194 - WARNING - Missing image at data/raw/Breast-Thermography-Raw/Benign/IIR0031/IIR0031_oblright.jpg, using zero tensor
2025-08-26 21:04:05,194 - WARNING - Missing image at data/raw/Breast-Thermography-Raw/Benign/IIR0078/IIR0078_oblleft.jpg, using zero tensor
2025-08-26 21:04:05,195 - WARNING - Missing image at data/raw/Breast-Thermography-Raw/Benign/IIR0009/IIR0009_oblleft.jpg, using zero tensor
2025-08-26 21:04:05,205 - WARNING - Missing image at data/raw/Breast-Thermography-Raw/Benign/IIR0009/IIR0009_oblright.jpg, using zero tensor
2025-08-26 21:04:05,207 - WARNING - Missing image at data/raw/Breast-Thermography-Raw/Benign/IIR0078/IIR0078_oblright.jpg, using zero tensor
2025-08-26 21:04:05,215 - WARNING - Missing image at data/raw/Breast-Thermography-Raw/Malignant/IIR0062/IIR0062_anterior.jpg, using zero tensor
2025-08-26 21:04:05,226 - WARNING - Missing image at data/raw/Breast-Thermography-Raw/Malignant/IIR0062/IIR0062_oblleft.jpg, using zero tensor
2025-08-26 21:04:05,234 - WARNING - Missing image at data/raw/Breast-Thermography-Raw/Malignant/IIR0062/IIR0062_oblright.jpg, using zero tensor
2025-08-26 21:04:05,250 - WARNING - Missing image at data/raw/Breast-Thermography-Raw/Benign/IIR0060/IIR0060_anterior.jpg, using zero tensor
2025-08-26 21:04:05,257 - WARNING - Missing image at data/raw/Breast-Thermography-Raw/Benign/IIR0060/IIR0060_oblleft.jpg, using zero tensor
2025-08-26 21:04:05,264 - WARNING - Missing image at data/raw/Breast-Thermography-Raw/Benign/IIR0060/IIR0060_oblright.jpg, using zero tensor
2025-08-26 21:04:05,274 - WARNING - Missing image at data/raw/Breast-Thermography-Raw/Malignant/IIR0102/IIR0102_anterior.jpg, using zero tensor
2025-08-26 21:04:05,285 - WARNING - Missing image at data/raw/Breast-Thermography-Raw/Malignant/IIR0102/IIR0102_oblleft.jpg, using zero tensor
2025-08-26 21:04:05,294 - WARNING - Missing image at data/raw/Breast-Thermography-Raw/Malignant/IIR0102/IIR0102_oblright.jpg, using zero tensor
2025-08-26 21:04:05,302 - WARNING - Missing image at data/raw/Breast-Thermography-Raw/Benign/IIR0007/IIR0007_anterior.jpg, using zero tensor
2025-08-26 21:04:05,308 - WARNING - Missing image at data/raw/Breast-Thermography-Raw/Benign/IIR0007/IIR0007_oblleft.jpg, using zero tensor
2025-08-26 21:04:05,315 - WARNING - Missing image at data/raw/Breast-Thermography-Raw/Benign/IIR0007/IIR0007_oblright.jpg, using zero tensor
2025-08-26 21:04:05,326 - WARNING - Missing image at data/raw/Breast-Thermography-Raw/Malignant/IIR0070/IIR0070_anterior.jpg, using zero tensor
2025-08-26 21:04:05,335 - WARNING - Missing image at data/raw/Breast-Thermography-Raw/Malignant/IIR0070/IIR0070_oblleft.jpg, using zero tensor
2025-08-26 21:04:05,343 - WARNING - Missing image at data/raw/Breast-Thermography-Raw/Malignant/IIR0070/IIR0070_oblright.jpg, using zero tensor
2025-08-26 21:04:05,351 - WARNING - Missing image at data/raw/Breast-Thermography-Raw/Benign/IIR0016/IIR0016_anterior.jpg, using zero tensor
2025-08-26 21:04:05,357 - WARNING - Missing image at data/raw/Breast-Thermography-Raw/Benign/IIR0016/IIR0016_oblleft.jpg, using zero tensor
2025-08-26 21:04:05,363 - WARNING - Missing image at data/raw/Breast-Thermography-Raw/Benign/IIR0016/IIR0016_oblright.jpg, using zero tensor
2025-08-26 21:04:05,371 - WARNING - Missing image at data/raw/Breast-Thermography-Raw/Malignant/IIR0093/IIR0093_anterior.jpg, using zero tensor
2025-08-26 21:04:05,378 - WARNING - Missing image at data/raw/Breast-Thermography-Raw/Malignant/IIR0093/IIR0093_oblleft.jpg, using zero tensor
2025-08-26 21:04:05,386 - WARNING - Missing image at data/raw/Breast-Thermography-Raw/Malignant/IIR0093/IIR0093_oblright.jpg, using zero tensor
2025-08-26 21:04:05,395 - WARNING - Missing image at data/raw/Breast-Thermography-Raw/Benign/IIR0099/IIR0099_anterior.jpg, using zero tensor
2025-08-26 21:04:05,403 - WARNING - Missing image at data/raw/Breast-Thermography-Raw/Benign/IIR0099/IIR0099_oblleft.jpg, using zero tensor
2025-08-26 21:04:05,410 - WARNING - Missing image at data/raw/Breast-Thermography-Raw/Benign/IIR0099/IIR0099_oblright.jpg, using zero tensor
2025-08-26 21:04:05,417 - WARNING - Missing image at data/raw/Breast-Thermography-Raw/Benign/IIR0001/IIR0001_anterior.jpg, using zero tensor
2025-08-26 21:04:05,422 - WARNING - Missing image at data/raw/Breast-Thermography-Raw/Benign/IIR0001/IIR0001_oblleft.jpg, using zero tensor
2025-08-26 21:04:05,427 - WARNING - Missing image at data/raw/Breast-Thermography-Raw/Benign/IIR0001/IIR0001_oblright.jpg, using zero tensor
